[INFO ][20170506 10:34:23,386][AbstractApplicationContext:510] Refreshing org.springframework.context.support.ClassPathXmlApplicationContext@10382a9: startup date [Sat May 06 10:34:23 CST 2017]; root of context hierarchy
[INFO ][20170506 10:34:23,536][XmlBeanDefinitionReader:315] Loading XML bean definitions from class path resource [spring/spring-context.xml]
[ERROR][20170506 10:34:24,032][MQProducerTest:36] ==>MQ context start error:
org.springframework.beans.factory.BeanDefinitionStoreException: Unexpected exception parsing XML document from class path resource [spring/spring-context.xml]; nested exception is java.lang.UnsupportedClassVersionError: javax/annotation/ManagedBean : Unsupported major.minor version 51.0
	at org.springframework.beans.factory.xml.XmlBeanDefinitionReader.doLoadBeanDefinitions(XmlBeanDefinitionReader.java:412)
	at org.springframework.beans.factory.xml.XmlBeanDefinitionReader.loadBeanDefinitions(XmlBeanDefinitionReader.java:334)
	at org.springframework.beans.factory.xml.XmlBeanDefinitionReader.loadBeanDefinitions(XmlBeanDefinitionReader.java:302)
	at org.springframework.beans.factory.support.AbstractBeanDefinitionReader.loadBeanDefinitions(AbstractBeanDefinitionReader.java:174)
	at org.springframework.beans.factory.support.AbstractBeanDefinitionReader.loadBeanDefinitions(AbstractBeanDefinitionReader.java:209)
	at org.springframework.beans.factory.support.AbstractBeanDefinitionReader.loadBeanDefinitions(AbstractBeanDefinitionReader.java:180)
	at org.springframework.beans.factory.support.AbstractBeanDefinitionReader.loadBeanDefinitions(AbstractBeanDefinitionReader.java:243)
	at org.springframework.context.support.AbstractXmlApplicationContext.loadBeanDefinitions(AbstractXmlApplicationContext.java:127)
	at org.springframework.context.support.AbstractXmlApplicationContext.loadBeanDefinitions(AbstractXmlApplicationContext.java:93)
	at org.springframework.context.support.AbstractRefreshableApplicationContext.refreshBeanFactory(AbstractRefreshableApplicationContext.java:130)
	at org.springframework.context.support.AbstractApplicationContext.obtainFreshBeanFactory(AbstractApplicationContext.java:537)
	at org.springframework.context.support.AbstractApplicationContext.refresh(AbstractApplicationContext.java:451)
	at org.springframework.context.support.ClassPathXmlApplicationContext.<init>(ClassPathXmlApplicationContext.java:139)
	at org.springframework.context.support.ClassPathXmlApplicationContext.<init>(ClassPathXmlApplicationContext.java:83)
	at wusc.edu.demo.mqtest.MQProducerTest.main(MQProducerTest.java:22)
Caused by: java.lang.UnsupportedClassVersionError: javax/annotation/ManagedBean : Unsupported major.minor version 51.0
	at java.lang.ClassLoader.defineClass1(Native Method)
	at java.lang.ClassLoader.defineClassCond(ClassLoader.java:637)
	at java.lang.ClassLoader.defineClass(ClassLoader.java:621)
	at java.security.SecureClassLoader.defineClass(SecureClassLoader.java:141)
	at java.net.URLClassLoader.defineClass(URLClassLoader.java:283)
	at java.net.URLClassLoader.access$000(URLClassLoader.java:58)
	at java.net.URLClassLoader$1.run(URLClassLoader.java:197)
	at java.security.AccessController.doPrivileged(Native Method)
	at java.net.URLClassLoader.findClass(URLClassLoader.java:190)
	at java.lang.ClassLoader.loadClass(ClassLoader.java:306)
	at sun.misc.Launcher$AppClassLoader.loadClass(Launcher.java:301)
	at java.lang.ClassLoader.loadClass(ClassLoader.java:247)
	at org.springframework.context.annotation.ClassPathScanningCandidateComponentProvider.registerDefaultFilters(ClassPathScanningCandidateComponentProvider.java:229)
	at org.springframework.context.annotation.ClassPathScanningCandidateComponentProvider.<init>(ClassPathScanningCandidateComponentProvider.java:115)
	at org.springframework.context.annotation.ClassPathBeanDefinitionScanner.<init>(ClassPathBeanDefinitionScanner.java:138)
	at org.springframework.context.annotation.ClassPathBeanDefinitionScanner.<init>(ClassPathBeanDefinitionScanner.java:112)
	at org.springframework.context.annotation.ComponentScanBeanDefinitionParser.createScanner(ComponentScanBeanDefinitionParser.java:129)
	at org.springframework.context.annotation.ComponentScanBeanDefinitionParser.configureScanner(ComponentScanBeanDefinitionParser.java:99)
	at org.springframework.context.annotation.ComponentScanBeanDefinitionParser.parse(ComponentScanBeanDefinitionParser.java:83)
	at org.springframework.beans.factory.xml.NamespaceHandlerSupport.parse(NamespaceHandlerSupport.java:73)
	at org.springframework.beans.factory.xml.BeanDefinitionParserDelegate.parseCustomElement(BeanDefinitionParserDelegate.java:1438)
	at org.springframework.beans.factory.xml.BeanDefinitionParserDelegate.parseCustomElement(BeanDefinitionParserDelegate.java:1428)
	at org.springframework.beans.factory.xml.DefaultBeanDefinitionDocumentReader.parseBeanDefinitions(DefaultBeanDefinitionDocumentReader.java:185)
	at org.springframework.beans.factory.xml.DefaultBeanDefinitionDocumentReader.doRegisterBeanDefinitions(DefaultBeanDefinitionDocumentReader.java:139)
	at org.springframework.beans.factory.xml.DefaultBeanDefinitionDocumentReader.registerBeanDefinitions(DefaultBeanDefinitionDocumentReader.java:108)
	at org.springframework.beans.factory.xml.XmlBeanDefinitionReader.registerBeanDefinitions(XmlBeanDefinitionReader.java:493)
	at org.springframework.beans.factory.xml.XmlBeanDefinitionReader.doLoadBeanDefinitions(XmlBeanDefinitionReader.java:390)
	... 14 more
[INFO ][20170506 10:44:16,712][AbstractApplicationContext:510] Refreshing org.springframework.context.support.ClassPathXmlApplicationContext@6073f712: startup date [Sat May 06 10:44:16 CST 2017]; root of context hierarchy
[INFO ][20170506 10:44:16,852][XmlBeanDefinitionReader:315] Loading XML bean definitions from class path resource [spring/spring-context.xml]
[INFO ][20170506 10:44:17,264][ClassPathScanningCandidateComponentProvider:231] JSR-250 'javax.annotation.ManagedBean' found and supported for component scanning
[INFO ][20170506 10:44:17,367][XmlBeanDefinitionReader:315] Loading XML bean definitions from class path resource [spring/spring-mq.xml]
[INFO ][20170506 10:44:17,564][PropertiesLoaderSupport:172] Loading properties file from class path resource [mq.properties]
[INFO ][20170506 10:44:17,662][DefaultListableBeanFactory:598] Pre-instantiating singletons in org.springframework.beans.factory.support.DefaultListableBeanFactory@587d1d39: defining beans [org.springframework.context.annotation.internalConfigurationAnnotationProcessor,org.springframework.context.annotation.internalAutowiredAnnotationProcessor,org.springframework.context.annotation.internalRequiredAnnotationProcessor,org.springframework.context.annotation.internalCommonAnnotationProcessor,mqProducer,org.springframework.context.support.PropertySourcesPlaceholderConfigurer#0,org.springframework.aop.config.internalAutoProxyCreator,targetConnectionFactory,pooledConnectionFactory,connectionFactory,activeMqJmsTemplate,org.springframework.context.annotation.ConfigurationClassPostProcessor.importAwareProcessor]; root of factory hierarchy
[INFO ][20170506 10:44:23,189][SingleConnectionFactory:291] Established shared JMS Connection: PooledConnection { ConnectionPool[ActiveMQConnection {id=ID:chenyouhongde.local-4065-1494038663041-1:1,clientId=null,started=false}] }
[INFO ][20170506 10:44:24,120][MQProducerTest:39] ===>System.exit
[INFO ][20170506 10:57:20,106][AbstractApplicationContext:510] Refreshing org.springframework.context.support.ClassPathXmlApplicationContext@6073f712: startup date [Sat May 06 10:57:20 CST 2017]; root of context hierarchy
[INFO ][20170506 10:57:20,232][XmlBeanDefinitionReader:315] Loading XML bean definitions from class path resource [spring/spring-context.xml]
[INFO ][20170506 10:57:20,490][ClassPathScanningCandidateComponentProvider:231] JSR-250 'javax.annotation.ManagedBean' found and supported for component scanning
[INFO ][20170506 10:57:20,614][XmlBeanDefinitionReader:315] Loading XML bean definitions from class path resource [spring/spring-mq.xml]
[INFO ][20170506 10:57:20,890][PropertiesLoaderSupport:172] Loading properties file from class path resource [mq.properties]
[INFO ][20170506 10:57:20,989][DefaultListableBeanFactory:598] Pre-instantiating singletons in org.springframework.beans.factory.support.DefaultListableBeanFactory@587d1d39: defining beans [org.springframework.context.annotation.internalConfigurationAnnotationProcessor,org.springframework.context.annotation.internalAutowiredAnnotationProcessor,org.springframework.context.annotation.internalRequiredAnnotationProcessor,org.springframework.context.annotation.internalCommonAnnotationProcessor,mqProducer,org.springframework.context.support.PropertySourcesPlaceholderConfigurer#0,org.springframework.aop.config.internalAutoProxyCreator,targetConnectionFactory,pooledConnectionFactory,connectionFactory,activeMqJmsTemplate,org.springframework.context.annotation.ConfigurationClassPostProcessor.importAwareProcessor]; root of factory hierarchy
[INFO ][20170506 10:57:26,515][SingleConnectionFactory:291] Established shared JMS Connection: PooledConnection { ConnectionPool[ActiveMQConnection {id=ID:chenyouhongde.local-4657-1494039446377-1:1,clientId=null,started=false}] }
[INFO ][20170506 10:57:27,177][MQProducerTest:39] ===>System.exit
[INFO ][20170506 11:32:11,543][AbstractApplicationContext:510] Refreshing org.springframework.context.support.ClassPathXmlApplicationContext@6073f712: startup date [Sat May 06 11:32:11 CST 2017]; root of context hierarchy
[INFO ][20170506 11:32:11,611][XmlBeanDefinitionReader:315] Loading XML bean definitions from class path resource [spring/spring-context.xml]
[INFO ][20170506 11:32:11,847][ClassPathScanningCandidateComponentProvider:231] JSR-250 'javax.annotation.ManagedBean' found and supported for component scanning
[INFO ][20170506 11:32:11,917][XmlBeanDefinitionReader:315] Loading XML bean definitions from class path resource [spring/spring-mq.xml]
[INFO ][20170506 11:32:12,087][PropertiesLoaderSupport:172] Loading properties file from class path resource [mq.properties]
[INFO ][20170506 11:32:12,147][DefaultListableBeanFactory:598] Pre-instantiating singletons in org.springframework.beans.factory.support.DefaultListableBeanFactory@587d1d39: defining beans [org.springframework.context.annotation.internalConfigurationAnnotationProcessor,org.springframework.context.annotation.internalAutowiredAnnotationProcessor,org.springframework.context.annotation.internalRequiredAnnotationProcessor,org.springframework.context.annotation.internalCommonAnnotationProcessor,mqProducer,org.springframework.context.support.PropertySourcesPlaceholderConfigurer#0,org.springframework.aop.config.internalAutoProxyCreator,targetConnectionFactory,pooledConnectionFactory,connectionFactory,activeMqJmsTemplate,org.springframework.context.annotation.ConfigurationClassPostProcessor.importAwareProcessor]; root of factory hierarchy
[INFO ][20170506 11:32:17,514][SingleConnectionFactory:291] Established shared JMS Connection: PooledConnection { ConnectionPool[ActiveMQConnection {id=ID:chenyouhongde.local-6659-1494041537390-1:1,clientId=null,started=false}] }
[INFO ][20170506 11:32:18,070][MQProducerTest:39] ===>System.exit
[INFO ][20170506 11:39:27,485][AbstractApplicationContext:510] Refreshing org.springframework.context.support.ClassPathXmlApplicationContext@6073f712: startup date [Sat May 06 11:39:27 CST 2017]; root of context hierarchy
[INFO ][20170506 11:39:27,541][XmlBeanDefinitionReader:315] Loading XML bean definitions from class path resource [spring/spring-context.xml]
[INFO ][20170506 11:39:27,759][ClassPathScanningCandidateComponentProvider:231] JSR-250 'javax.annotation.ManagedBean' found and supported for component scanning
[INFO ][20170506 11:39:27,825][XmlBeanDefinitionReader:315] Loading XML bean definitions from class path resource [spring/spring-mq.xml]
[INFO ][20170506 11:39:27,996][PropertiesLoaderSupport:172] Loading properties file from class path resource [mq.properties]
[INFO ][20170506 11:39:28,079][DefaultListableBeanFactory:598] Pre-instantiating singletons in org.springframework.beans.factory.support.DefaultListableBeanFactory@587d1d39: defining beans [org.springframework.context.annotation.internalConfigurationAnnotationProcessor,org.springframework.context.annotation.internalAutowiredAnnotationProcessor,org.springframework.context.annotation.internalRequiredAnnotationProcessor,org.springframework.context.annotation.internalCommonAnnotationProcessor,mqProducer,org.springframework.context.support.PropertySourcesPlaceholderConfigurer#0,org.springframework.aop.config.internalAutoProxyCreator,targetConnectionFactory,pooledConnectionFactory,connectionFactory,activeMqJmsTemplate,org.springframework.context.annotation.ConfigurationClassPostProcessor.importAwareProcessor]; root of factory hierarchy
[INFO ][20170506 11:39:33,471][SingleConnectionFactory:291] Established shared JMS Connection: PooledConnection { ConnectionPool[ActiveMQConnection {id=ID:chenyouhongde.local-7033-1494041973342-1:1,clientId=null,started=false}] }
[INFO ][20170506 11:39:33,938][MQProducerTest:39] ===>System.exit
[INFO ][20170506 11:45:13,396][AbstractApplicationContext:510] Refreshing org.springframework.context.support.ClassPathXmlApplicationContext@6073f712: startup date [Sat May 06 11:45:13 CST 2017]; root of context hierarchy
[INFO ][20170506 11:45:13,523][XmlBeanDefinitionReader:315] Loading XML bean definitions from class path resource [spring/spring-context.xml]
[INFO ][20170506 11:45:13,781][ClassPathScanningCandidateComponentProvider:231] JSR-250 'javax.annotation.ManagedBean' found and supported for component scanning
[INFO ][20170506 11:45:13,893][XmlBeanDefinitionReader:315] Loading XML bean definitions from class path resource [spring/spring-mq.xml]
[INFO ][20170506 11:45:14,121][PropertiesLoaderSupport:172] Loading properties file from class path resource [mq.properties]
[INFO ][20170506 11:45:14,211][DefaultListableBeanFactory:598] Pre-instantiating singletons in org.springframework.beans.factory.support.DefaultListableBeanFactory@587d1d39: defining beans [org.springframework.context.annotation.internalConfigurationAnnotationProcessor,org.springframework.context.annotation.internalAutowiredAnnotationProcessor,org.springframework.context.annotation.internalRequiredAnnotationProcessor,org.springframework.context.annotation.internalCommonAnnotationProcessor,mqProducer,org.springframework.context.support.PropertySourcesPlaceholderConfigurer#0,org.springframework.aop.config.internalAutoProxyCreator,targetConnectionFactory,pooledConnectionFactory,connectionFactory,activeMqJmsTemplate,org.springframework.context.annotation.ConfigurationClassPostProcessor.importAwareProcessor]; root of factory hierarchy
[INFO ][20170506 11:45:19,704][SingleConnectionFactory:291] Established shared JMS Connection: PooledConnection { ConnectionPool[ActiveMQConnection {id=ID:chenyouhongde.local-7263-1494042319568-1:1,clientId=null,started=false}] }
[INFO ][20170506 11:45:20,293][MQProducerTest:39] ===>System.exit
[INFO ][20170506 11:46:20,502][AbstractApplicationContext:510] Refreshing org.springframework.context.support.ClassPathXmlApplicationContext@6073f712: startup date [Sat May 06 11:46:20 CST 2017]; root of context hierarchy
[INFO ][20170506 11:46:20,555][XmlBeanDefinitionReader:315] Loading XML bean definitions from class path resource [spring/spring-context.xml]
[INFO ][20170506 11:46:20,764][ClassPathScanningCandidateComponentProvider:231] JSR-250 'javax.annotation.ManagedBean' found and supported for component scanning
[INFO ][20170506 11:46:20,824][XmlBeanDefinitionReader:315] Loading XML bean definitions from class path resource [spring/spring-mq.xml]
[INFO ][20170506 11:46:20,994][PropertiesLoaderSupport:172] Loading properties file from class path resource [mq.properties]
[INFO ][20170506 11:46:21,059][DefaultListableBeanFactory:598] Pre-instantiating singletons in org.springframework.beans.factory.support.DefaultListableBeanFactory@587d1d39: defining beans [org.springframework.context.annotation.internalConfigurationAnnotationProcessor,org.springframework.context.annotation.internalAutowiredAnnotationProcessor,org.springframework.context.annotation.internalRequiredAnnotationProcessor,org.springframework.context.annotation.internalCommonAnnotationProcessor,mqProducer,org.springframework.context.support.PropertySourcesPlaceholderConfigurer#0,org.springframework.aop.config.internalAutoProxyCreator,targetConnectionFactory,pooledConnectionFactory,connectionFactory,activeMqJmsTemplate,org.springframework.context.annotation.ConfigurationClassPostProcessor.importAwareProcessor]; root of factory hierarchy
[INFO ][20170506 11:46:26,403][SingleConnectionFactory:291] Established shared JMS Connection: PooledConnection { ConnectionPool[ActiveMQConnection {id=ID:chenyouhongde.local-7315-1494042386277-1:1,clientId=null,started=false}] }
[INFO ][20170506 11:46:26,882][MQProducerTest:39] ===>System.exit
[INFO ][20170506 11:50:58,651][AbstractApplicationContext:510] Refreshing org.springframework.context.support.ClassPathXmlApplicationContext@6073f712: startup date [Sat May 06 11:50:58 CST 2017]; root of context hierarchy
[INFO ][20170506 11:50:58,716][XmlBeanDefinitionReader:315] Loading XML bean definitions from class path resource [spring/spring-context.xml]
[INFO ][20170506 11:50:58,956][ClassPathScanningCandidateComponentProvider:231] JSR-250 'javax.annotation.ManagedBean' found and supported for component scanning
[INFO ][20170506 11:50:59,032][XmlBeanDefinitionReader:315] Loading XML bean definitions from class path resource [spring/spring-mq.xml]
[INFO ][20170506 11:50:59,192][PropertiesLoaderSupport:172] Loading properties file from class path resource [mq.properties]
[INFO ][20170506 11:50:59,244][DefaultListableBeanFactory:598] Pre-instantiating singletons in org.springframework.beans.factory.support.DefaultListableBeanFactory@587d1d39: defining beans [org.springframework.context.annotation.internalConfigurationAnnotationProcessor,org.springframework.context.annotation.internalAutowiredAnnotationProcessor,org.springframework.context.annotation.internalRequiredAnnotationProcessor,org.springframework.context.annotation.internalCommonAnnotationProcessor,mqProducer,org.springframework.context.support.PropertySourcesPlaceholderConfigurer#0,org.springframework.aop.config.internalAutoProxyCreator,targetConnectionFactory,pooledConnectionFactory,connectionFactory,activeMqJmsTemplate,org.springframework.context.annotation.ConfigurationClassPostProcessor.importAwareProcessor]; root of factory hierarchy
[INFO ][20170506 11:51:04,570][SingleConnectionFactory:291] Established shared JMS Connection: PooledConnection { ConnectionPool[ActiveMQConnection {id=ID:chenyouhongde.local-7805-1494042664449-1:1,clientId=null,started=false}] }
[INFO ][20170506 11:51:05,047][MQProducerTest:39] ===>System.exit
[INFO ][20170506 11:54:02,689][AbstractApplicationContext:510] Refreshing org.springframework.context.support.ClassPathXmlApplicationContext@6073f712: startup date [Sat May 06 11:54:02 CST 2017]; root of context hierarchy
[INFO ][20170506 11:54:02,748][XmlBeanDefinitionReader:315] Loading XML bean definitions from class path resource [spring/spring-context.xml]
[INFO ][20170506 11:54:02,961][ClassPathScanningCandidateComponentProvider:231] JSR-250 'javax.annotation.ManagedBean' found and supported for component scanning
[INFO ][20170506 11:54:03,028][XmlBeanDefinitionReader:315] Loading XML bean definitions from class path resource [spring/spring-mq.xml]
[INFO ][20170506 11:54:03,182][PropertiesLoaderSupport:172] Loading properties file from class path resource [mq.properties]
[INFO ][20170506 11:54:03,232][DefaultListableBeanFactory:598] Pre-instantiating singletons in org.springframework.beans.factory.support.DefaultListableBeanFactory@587d1d39: defining beans [org.springframework.context.annotation.internalConfigurationAnnotationProcessor,org.springframework.context.annotation.internalAutowiredAnnotationProcessor,org.springframework.context.annotation.internalRequiredAnnotationProcessor,org.springframework.context.annotation.internalCommonAnnotationProcessor,mqProducer,org.springframework.context.support.PropertySourcesPlaceholderConfigurer#0,org.springframework.aop.config.internalAutoProxyCreator,targetConnectionFactory,pooledConnectionFactory,connectionFactory,activeMqJmsTemplate,org.springframework.context.annotation.ConfigurationClassPostProcessor.importAwareProcessor]; root of factory hierarchy
[INFO ][20170506 11:54:08,605][SingleConnectionFactory:291] Established shared JMS Connection: PooledConnection { ConnectionPool[ActiveMQConnection {id=ID:chenyouhongde.local-8034-1494042848482-1:1,clientId=null,started=false}] }
[INFO ][20170506 11:54:09,164][MQProducerTest:39] ===>System.exit
[INFO ][20170506 12:00:20,947][AbstractApplicationContext:510] Refreshing org.springframework.context.support.ClassPathXmlApplicationContext@6073f712: startup date [Sat May 06 12:00:20 CST 2017]; root of context hierarchy
[INFO ][20170506 12:00:21,003][XmlBeanDefinitionReader:315] Loading XML bean definitions from class path resource [spring/spring-context.xml]
[INFO ][20170506 12:00:21,252][ClassPathScanningCandidateComponentProvider:231] JSR-250 'javax.annotation.ManagedBean' found and supported for component scanning
[INFO ][20170506 12:00:21,316][XmlBeanDefinitionReader:315] Loading XML bean definitions from class path resource [spring/spring-mq.xml]
[INFO ][20170506 12:00:21,487][PropertiesLoaderSupport:172] Loading properties file from class path resource [mq.properties]
[INFO ][20170506 12:00:21,560][DefaultListableBeanFactory:598] Pre-instantiating singletons in org.springframework.beans.factory.support.DefaultListableBeanFactory@587d1d39: defining beans [org.springframework.context.annotation.internalConfigurationAnnotationProcessor,org.springframework.context.annotation.internalAutowiredAnnotationProcessor,org.springframework.context.annotation.internalRequiredAnnotationProcessor,org.springframework.context.annotation.internalCommonAnnotationProcessor,mqProducer,org.springframework.context.support.PropertySourcesPlaceholderConfigurer#0,org.springframework.aop.config.internalAutoProxyCreator,targetConnectionFactory,pooledConnectionFactory,connectionFactory,activeMqJmsTemplate,org.springframework.context.annotation.ConfigurationClassPostProcessor.importAwareProcessor]; root of factory hierarchy
[INFO ][20170506 12:00:26,921][SingleConnectionFactory:291] Established shared JMS Connection: PooledConnection { ConnectionPool[ActiveMQConnection {id=ID:chenyouhongde.local-8528-1494043226799-1:1,clientId=null,started=false}] }
[INFO ][20170506 12:00:27,478][MQProducerTest:39] ===>System.exit
[INFO ][20170506 12:10:05,252][AbstractApplicationContext:510] Refreshing org.springframework.context.support.ClassPathXmlApplicationContext@6073f712: startup date [Sat May 06 12:10:05 CST 2017]; root of context hierarchy
[INFO ][20170506 12:10:05,325][XmlBeanDefinitionReader:315] Loading XML bean definitions from class path resource [spring/spring-context.xml]
[INFO ][20170506 12:10:05,559][ClassPathScanningCandidateComponentProvider:231] JSR-250 'javax.annotation.ManagedBean' found and supported for component scanning
[INFO ][20170506 12:10:05,628][XmlBeanDefinitionReader:315] Loading XML bean definitions from class path resource [spring/spring-mq.xml]
[INFO ][20170506 12:10:05,809][PropertiesLoaderSupport:172] Loading properties file from class path resource [mq.properties]
[INFO ][20170506 12:10:05,877][DefaultListableBeanFactory:598] Pre-instantiating singletons in org.springframework.beans.factory.support.DefaultListableBeanFactory@587d1d39: defining beans [org.springframework.context.annotation.internalConfigurationAnnotationProcessor,org.springframework.context.annotation.internalAutowiredAnnotationProcessor,org.springframework.context.annotation.internalRequiredAnnotationProcessor,org.springframework.context.annotation.internalCommonAnnotationProcessor,mqProducer,org.springframework.context.support.PropertySourcesPlaceholderConfigurer#0,org.springframework.aop.config.internalAutoProxyCreator,targetConnectionFactory,pooledConnectionFactory,connectionFactory,activeMqJmsTemplate,org.springframework.context.annotation.ConfigurationClassPostProcessor.importAwareProcessor]; root of factory hierarchy
[INFO ][20170506 12:10:11,229][SingleConnectionFactory:291] Established shared JMS Connection: PooledConnection { ConnectionPool[ActiveMQConnection {id=ID:chenyouhongde.local-10047-1494043811105-1:1,clientId=null,started=false}] }
[INFO ][20170506 12:10:11,839][MQProducerTest:39] ===>System.exit
[INFO ][20170506 12:12:21,482][AbstractApplicationContext:510] Refreshing org.springframework.context.support.ClassPathXmlApplicationContext@6073f712: startup date [Sat May 06 12:12:21 CST 2017]; root of context hierarchy
[INFO ][20170506 12:12:21,536][XmlBeanDefinitionReader:315] Loading XML bean definitions from class path resource [spring/spring-context.xml]
[INFO ][20170506 12:12:21,742][ClassPathScanningCandidateComponentProvider:231] JSR-250 'javax.annotation.ManagedBean' found and supported for component scanning
[INFO ][20170506 12:12:21,809][XmlBeanDefinitionReader:315] Loading XML bean definitions from class path resource [spring/spring-mq.xml]
[INFO ][20170506 12:12:21,986][PropertiesLoaderSupport:172] Loading properties file from class path resource [mq.properties]
[INFO ][20170506 12:12:22,049][DefaultListableBeanFactory:598] Pre-instantiating singletons in org.springframework.beans.factory.support.DefaultListableBeanFactory@587d1d39: defining beans [org.springframework.context.annotation.internalConfigurationAnnotationProcessor,org.springframework.context.annotation.internalAutowiredAnnotationProcessor,org.springframework.context.annotation.internalRequiredAnnotationProcessor,org.springframework.context.annotation.internalCommonAnnotationProcessor,mqProducer,org.springframework.context.support.PropertySourcesPlaceholderConfigurer#0,org.springframework.aop.config.internalAutoProxyCreator,targetConnectionFactory,pooledConnectionFactory,connectionFactory,activeMqJmsTemplate,org.springframework.context.annotation.ConfigurationClassPostProcessor.importAwareProcessor]; root of factory hierarchy
[INFO ][20170506 12:12:27,397][SingleConnectionFactory:291] Established shared JMS Connection: PooledConnection { ConnectionPool[ActiveMQConnection {id=ID:chenyouhongde.local-10168-1494043947269-1:1,clientId=null,started=false}] }
[INFO ][20170506 12:12:28,029][MQProducerTest:39] ===>System.exit
[INFO ][20170506 12:41:16,264][AbstractApplicationContext:510] Refreshing org.springframework.context.support.ClassPathXmlApplicationContext@6073f712: startup date [Sat May 06 12:41:16 CST 2017]; root of context hierarchy
[INFO ][20170506 12:41:16,351][XmlBeanDefinitionReader:315] Loading XML bean definitions from class path resource [spring/spring-context.xml]
[INFO ][20170506 12:41:16,604][ClassPathScanningCandidateComponentProvider:231] JSR-250 'javax.annotation.ManagedBean' found and supported for component scanning
[INFO ][20170506 12:41:16,694][XmlBeanDefinitionReader:315] Loading XML bean definitions from class path resource [spring/spring-mq.xml]
[INFO ][20170506 12:41:16,907][PropertiesLoaderSupport:172] Loading properties file from class path resource [mq.properties]
[INFO ][20170506 12:41:16,987][DefaultListableBeanFactory:598] Pre-instantiating singletons in org.springframework.beans.factory.support.DefaultListableBeanFactory@587d1d39: defining beans [org.springframework.context.annotation.internalConfigurationAnnotationProcessor,org.springframework.context.annotation.internalAutowiredAnnotationProcessor,org.springframework.context.annotation.internalRequiredAnnotationProcessor,org.springframework.context.annotation.internalCommonAnnotationProcessor,mqProducer,org.springframework.context.support.PropertySourcesPlaceholderConfigurer#0,org.springframework.aop.config.internalAutoProxyCreator,targetConnectionFactory,pooledConnectionFactory,connectionFactory,activeMqJmsTemplate,org.springframework.context.annotation.ConfigurationClassPostProcessor.importAwareProcessor]; root of factory hierarchy
[INFO ][20170506 12:41:22,393][SingleConnectionFactory:291] Established shared JMS Connection: PooledConnection { ConnectionPool[ActiveMQConnection {id=ID:chenyouhongde.local-10640-1494045682264-1:1,clientId=null,started=false}] }
[INFO ][20170506 12:41:23,274][MQProducerTest:39] ===>System.exit
[INFO ][20170506 12:53:28,103][AbstractApplicationContext:510] Refreshing org.springframework.context.support.ClassPathXmlApplicationContext@6073f712: startup date [Sat May 06 12:53:28 CST 2017]; root of context hierarchy
[INFO ][20170506 12:53:28,185][XmlBeanDefinitionReader:315] Loading XML bean definitions from class path resource [spring/spring-context.xml]
[INFO ][20170506 12:53:28,479][ClassPathScanningCandidateComponentProvider:231] JSR-250 'javax.annotation.ManagedBean' found and supported for component scanning
[INFO ][20170506 12:53:28,557][XmlBeanDefinitionReader:315] Loading XML bean definitions from class path resource [spring/spring-mq.xml]
[INFO ][20170506 12:53:28,747][PropertiesLoaderSupport:172] Loading properties file from class path resource [mq.properties]
[INFO ][20170506 12:53:28,827][DefaultListableBeanFactory:598] Pre-instantiating singletons in org.springframework.beans.factory.support.DefaultListableBeanFactory@587d1d39: defining beans [org.springframework.context.annotation.internalConfigurationAnnotationProcessor,org.springframework.context.annotation.internalAutowiredAnnotationProcessor,org.springframework.context.annotation.internalRequiredAnnotationProcessor,org.springframework.context.annotation.internalCommonAnnotationProcessor,mqProducer,org.springframework.context.support.PropertySourcesPlaceholderConfigurer#0,org.springframework.aop.config.internalAutoProxyCreator,targetConnectionFactory,pooledConnectionFactory,connectionFactory,activeMqJmsTemplate,org.springframework.context.annotation.ConfigurationClassPostProcessor.importAwareProcessor]; root of factory hierarchy
[INFO ][20170506 12:53:34,196][SingleConnectionFactory:291] Established shared JMS Connection: PooledConnection { ConnectionPool[ActiveMQConnection {id=ID:chenyouhongde.local-11184-1494046414070-1:1,clientId=null,started=false}] }
[INFO ][20170506 12:53:34,775][MQProducerTest:39] ===>System.exit
[INFO ][20170506 12:54:20,509][AbstractApplicationContext:510] Refreshing org.springframework.context.support.ClassPathXmlApplicationContext@6073f712: startup date [Sat May 06 12:54:20 CST 2017]; root of context hierarchy
[INFO ][20170506 12:54:20,576][XmlBeanDefinitionReader:315] Loading XML bean definitions from class path resource [spring/spring-context.xml]
[INFO ][20170506 12:54:20,866][ClassPathScanningCandidateComponentProvider:231] JSR-250 'javax.annotation.ManagedBean' found and supported for component scanning
[INFO ][20170506 12:54:20,941][XmlBeanDefinitionReader:315] Loading XML bean definitions from class path resource [spring/spring-mq.xml]
[INFO ][20170506 12:54:21,232][PropertiesLoaderSupport:172] Loading properties file from class path resource [mq.properties]
[INFO ][20170506 12:54:21,304][DefaultListableBeanFactory:598] Pre-instantiating singletons in org.springframework.beans.factory.support.DefaultListableBeanFactory@587d1d39: defining beans [org.springframework.context.annotation.internalConfigurationAnnotationProcessor,org.springframework.context.annotation.internalAutowiredAnnotationProcessor,org.springframework.context.annotation.internalRequiredAnnotationProcessor,org.springframework.context.annotation.internalCommonAnnotationProcessor,mqProducer,org.springframework.context.support.PropertySourcesPlaceholderConfigurer#0,org.springframework.aop.config.internalAutoProxyCreator,targetConnectionFactory,pooledConnectionFactory,connectionFactory,activeMqJmsTemplate,org.springframework.context.annotation.ConfigurationClassPostProcessor.importAwareProcessor]; root of factory hierarchy
[INFO ][20170506 12:54:26,672][SingleConnectionFactory:291] Established shared JMS Connection: PooledConnection { ConnectionPool[ActiveMQConnection {id=ID:chenyouhongde.local-11238-1494046466540-1:1,clientId=null,started=false}] }
[INFO ][20170506 12:54:27,209][MQProducerTest:39] ===>System.exit
[INFO ][20170506 12:55:22,461][AbstractApplicationContext:510] Refreshing org.springframework.context.support.ClassPathXmlApplicationContext@6073f712: startup date [Sat May 06 12:55:22 CST 2017]; root of context hierarchy
[INFO ][20170506 12:55:22,529][XmlBeanDefinitionReader:315] Loading XML bean definitions from class path resource [spring/spring-context.xml]
[INFO ][20170506 12:55:22,812][ClassPathScanningCandidateComponentProvider:231] JSR-250 'javax.annotation.ManagedBean' found and supported for component scanning
[INFO ][20170506 12:55:22,873][XmlBeanDefinitionReader:315] Loading XML bean definitions from class path resource [spring/spring-mq.xml]
[INFO ][20170506 12:55:23,053][PropertiesLoaderSupport:172] Loading properties file from class path resource [mq.properties]
[INFO ][20170506 12:55:23,112][DefaultListableBeanFactory:598] Pre-instantiating singletons in org.springframework.beans.factory.support.DefaultListableBeanFactory@587d1d39: defining beans [org.springframework.context.annotation.internalConfigurationAnnotationProcessor,org.springframework.context.annotation.internalAutowiredAnnotationProcessor,org.springframework.context.annotation.internalRequiredAnnotationProcessor,org.springframework.context.annotation.internalCommonAnnotationProcessor,mqProducer,org.springframework.context.support.PropertySourcesPlaceholderConfigurer#0,org.springframework.aop.config.internalAutoProxyCreator,targetConnectionFactory,pooledConnectionFactory,connectionFactory,activeMqJmsTemplate,org.springframework.context.annotation.ConfigurationClassPostProcessor.importAwareProcessor]; root of factory hierarchy
[INFO ][20170506 12:55:28,473][SingleConnectionFactory:291] Established shared JMS Connection: PooledConnection { ConnectionPool[ActiveMQConnection {id=ID:chenyouhongde.local-11282-1494046528352-1:1,clientId=null,started=false}] }
[INFO ][20170506 12:55:28,938][MQProducerTest:39] ===>System.exit
