[INFO ][20170506 10:46:22,312][AbstractApplicationContext:510] Refreshing org.springframework.context.support.ClassPathXmlApplicationContext@3d04a311: startup date [Sat May 06 10:46:22 CST 2017]; root of context hierarchy
[INFO ][20170506 10:46:22,447][XmlBeanDefinitionReader:315] Loading XML bean definitions from class path resource [spring/spring-context.xml]
[INFO ][20170506 10:46:22,702][ClassPathScanningCandidateComponentProvider:231] JSR-250 'javax.annotation.ManagedBean' found and supported for component scanning
[INFO ][20170506 10:46:22,813][XmlBeanDefinitionReader:315] Loading XML bean definitions from class path resource [spring/spring-mq.xml]
[INFO ][20170506 10:46:22,852][DefaultListableBeanFactory:665] Overriding bean definition for bean 'consumerSessionAwareMessageListener': replacing [Generic bean: class [wusc.edu.demo.mqtest.listener.ConsumerSessionAwareMessageListener]; scope=singleton; abstract=false; lazyInit=false; autowireMode=1; dependencyCheck=0; autowireCandidate=true; primary=false; factoryBeanName=null; factoryMethodName=null; initMethodName=null; destroyMethodName=null; defined in file [/Users/PC/Desktop/pay/ActiveMQ的使用代码样例（异步邮件发送）/edu-demo-mqconsumer/target/classes/wusc/edu/demo/mqtest/listener/ConsumerSessionAwareMessageListener.class]] with [Generic bean: class [wusc.edu.demo.mqtest.listener.ConsumerSessionAwareMessageListener]; scope=; abstract=false; lazyInit=false; autowireMode=1; dependencyCheck=0; autowireCandidate=true; primary=false; factoryBeanName=null; factoryMethodName=null; initMethodName=null; destroyMethodName=null; defined in class path resource [spring/spring-mq.xml]]
[INFO ][20170506 10:46:22,854][XmlBeanDefinitionReader:315] Loading XML bean definitions from class path resource [spring/spring-mail.xml]
[INFO ][20170506 10:46:23,099][PropertiesLoaderSupport:172] Loading properties file from class path resource [mq.properties]
[INFO ][20170506 10:46:23,101][PropertiesLoaderSupport:172] Loading properties file from class path resource [mail.properties]
[INFO ][20170506 10:46:23,222][DefaultListableBeanFactory:598] Pre-instantiating singletons in org.springframework.beans.factory.support.DefaultListableBeanFactory@7a9273a8: defining beans [org.springframework.context.annotation.internalConfigurationAnnotationProcessor,org.springframework.context.annotation.internalAutowiredAnnotationProcessor,org.springframework.context.annotation.internalRequiredAnnotationProcessor,org.springframework.context.annotation.internalCommonAnnotationProcessor,mailBiz,consumerSessionAwareMessageListener,org.springframework.context.support.PropertySourcesPlaceholderConfigurer#0,org.springframework.aop.config.internalAutoProxyCreator,targetConnectionFactory,pooledConnectionFactory,connectionFactory,activeMqJmsTemplate,sessionAwareQueue,sessionAwareListenerContainer,mailSender,simpleMailMessage,threadPool,org.springframework.context.annotation.ConfigurationClassPostProcessor.importAwareProcessor]; root of factory hierarchy
[INFO ][20170506 10:46:23,335][ExecutorConfigurationSupport:154] Initializing ExecutorService  'threadPool'
[INFO ][20170506 10:46:23,575][DefaultLifecycleProcessor$LifecycleGroup:334] Starting beans in phase 2147483647
[INFO ][20170506 10:46:28,812][DefaultLifecycleProcessor$LifecycleGroup:334] Starting beans in phase 2147483647
[INFO ][20170506 10:46:33,819][DefaultMessageListenerContainer:827] JMS message listener invoker needs to establish shared Connection
[ERROR][20170506 10:46:33,821][DefaultMessageListenerContainer:909] Could not refresh JMS Connection for destination 'queue://wusc.edu.mqtest.v1' - retrying in 5000 ms. Cause: Error while attempting to add new Connection to the pool; nested exception is javax.jms.JMSException: Could not connect to broker URL: tcp://192.168.1.107/:61616. Reason: java.lang.IllegalArgumentException: port out of range:-1
[ERROR][20170506 10:46:38,825][DefaultMessageListenerContainer:909] Could not refresh JMS Connection for destination 'queue://wusc.edu.mqtest.v1' - retrying in 5000 ms. Cause: Error while attempting to add new Connection to the pool; nested exception is javax.jms.JMSException: Could not connect to broker URL: tcp://192.168.1.107/:61616. Reason: java.lang.IllegalArgumentException: port out of range:-1
[ERROR][20170506 10:46:43,835][DefaultMessageListenerContainer:909] Could not refresh JMS Connection for destination 'queue://wusc.edu.mqtest.v1' - retrying in 5000 ms. Cause: Error while attempting to add new Connection to the pool; nested exception is javax.jms.JMSException: Could not connect to broker URL: tcp://192.168.1.107/:61616. Reason: java.lang.IllegalArgumentException: port out of range:-1
[ERROR][20170506 10:46:48,844][DefaultMessageListenerContainer:909] Could not refresh JMS Connection for destination 'queue://wusc.edu.mqtest.v1' - retrying in 5000 ms. Cause: Error while attempting to add new Connection to the pool; nested exception is javax.jms.JMSException: Could not connect to broker URL: tcp://192.168.1.107/:61616. Reason: java.lang.IllegalArgumentException: port out of range:-1
[ERROR][20170506 10:46:53,850][DefaultMessageListenerContainer:909] Could not refresh JMS Connection for destination 'queue://wusc.edu.mqtest.v1' - retrying in 5000 ms. Cause: Error while attempting to add new Connection to the pool; nested exception is javax.jms.JMSException: Could not connect to broker URL: tcp://192.168.1.107/:61616. Reason: java.lang.IllegalArgumentException: port out of range:-1
[ERROR][20170506 10:46:58,855][DefaultMessageListenerContainer:909] Could not refresh JMS Connection for destination 'queue://wusc.edu.mqtest.v1' - retrying in 5000 ms. Cause: Error while attempting to add new Connection to the pool; nested exception is javax.jms.JMSException: Could not connect to broker URL: tcp://192.168.1.107/:61616. Reason: java.lang.IllegalArgumentException: port out of range:-1
[ERROR][20170506 10:47:03,868][DefaultMessageListenerContainer:909] Could not refresh JMS Connection for destination 'queue://wusc.edu.mqtest.v1' - retrying in 5000 ms. Cause: Error while attempting to add new Connection to the pool; nested exception is javax.jms.JMSException: Could not connect to broker URL: tcp://192.168.1.107/:61616. Reason: java.lang.IllegalArgumentException: port out of range:-1
[ERROR][20170506 10:47:08,874][DefaultMessageListenerContainer:909] Could not refresh JMS Connection for destination 'queue://wusc.edu.mqtest.v1' - retrying in 5000 ms. Cause: Error while attempting to add new Connection to the pool; nested exception is javax.jms.JMSException: Could not connect to broker URL: tcp://192.168.1.107/:61616. Reason: java.lang.IllegalArgumentException: port out of range:-1
[INFO ][20170506 10:50:04,083][AbstractApplicationContext:510] Refreshing org.springframework.context.support.ClassPathXmlApplicationContext@3d04a311: startup date [Sat May 06 10:50:04 CST 2017]; root of context hierarchy
[INFO ][20170506 10:50:04,142][XmlBeanDefinitionReader:315] Loading XML bean definitions from class path resource [spring/spring-context.xml]
[INFO ][20170506 10:50:04,363][ClassPathScanningCandidateComponentProvider:231] JSR-250 'javax.annotation.ManagedBean' found and supported for component scanning
[INFO ][20170506 10:50:04,423][XmlBeanDefinitionReader:315] Loading XML bean definitions from class path resource [spring/spring-mq.xml]
[INFO ][20170506 10:50:04,460][DefaultListableBeanFactory:665] Overriding bean definition for bean 'consumerSessionAwareMessageListener': replacing [Generic bean: class [wusc.edu.demo.mqtest.listener.ConsumerSessionAwareMessageListener]; scope=singleton; abstract=false; lazyInit=false; autowireMode=1; dependencyCheck=0; autowireCandidate=true; primary=false; factoryBeanName=null; factoryMethodName=null; initMethodName=null; destroyMethodName=null; defined in file [/Users/PC/Desktop/pay/ActiveMQ的使用代码样例（异步邮件发送）/edu-demo-mqconsumer/target/classes/wusc/edu/demo/mqtest/listener/ConsumerSessionAwareMessageListener.class]] with [Generic bean: class [wusc.edu.demo.mqtest.listener.ConsumerSessionAwareMessageListener]; scope=; abstract=false; lazyInit=false; autowireMode=1; dependencyCheck=0; autowireCandidate=true; primary=false; factoryBeanName=null; factoryMethodName=null; initMethodName=null; destroyMethodName=null; defined in class path resource [spring/spring-mq.xml]]
[INFO ][20170506 10:50:04,463][XmlBeanDefinitionReader:315] Loading XML bean definitions from class path resource [spring/spring-mail.xml]
[INFO ][20170506 10:50:04,651][PropertiesLoaderSupport:172] Loading properties file from class path resource [mq.properties]
[INFO ][20170506 10:50:04,653][PropertiesLoaderSupport:172] Loading properties file from class path resource [mail.properties]
[INFO ][20170506 10:50:04,767][DefaultListableBeanFactory:598] Pre-instantiating singletons in org.springframework.beans.factory.support.DefaultListableBeanFactory@7a9273a8: defining beans [org.springframework.context.annotation.internalConfigurationAnnotationProcessor,org.springframework.context.annotation.internalAutowiredAnnotationProcessor,org.springframework.context.annotation.internalRequiredAnnotationProcessor,org.springframework.context.annotation.internalCommonAnnotationProcessor,mailBiz,consumerSessionAwareMessageListener,org.springframework.context.support.PropertySourcesPlaceholderConfigurer#0,org.springframework.aop.config.internalAutoProxyCreator,targetConnectionFactory,pooledConnectionFactory,connectionFactory,activeMqJmsTemplate,sessionAwareQueue,sessionAwareListenerContainer,mailSender,simpleMailMessage,threadPool,org.springframework.context.annotation.ConfigurationClassPostProcessor.importAwareProcessor]; root of factory hierarchy
[INFO ][20170506 10:50:04,868][ExecutorConfigurationSupport:154] Initializing ExecutorService  'threadPool'
[INFO ][20170506 10:50:05,019][DefaultLifecycleProcessor$LifecycleGroup:334] Starting beans in phase 2147483647
[INFO ][20170506 10:50:10,201][DefaultLifecycleProcessor$LifecycleGroup:334] Starting beans in phase 2147483647
[INFO ][20170506 10:50:15,206][DefaultMessageListenerContainer:827] JMS message listener invoker needs to establish shared Connection
[ERROR][20170506 10:50:15,210][DefaultMessageListenerContainer:909] Could not refresh JMS Connection for destination 'queue://wusc.edu.mqtest.v1' - retrying in 5000 ms. Cause: Error while attempting to add new Connection to the pool; nested exception is javax.jms.JMSException: Could not connect to broker URL: tcp://192.168.1.107/:61616. Reason: java.lang.IllegalArgumentException: port out of range:-1
[ERROR][20170506 10:50:20,215][DefaultMessageListenerContainer:909] Could not refresh JMS Connection for destination 'queue://wusc.edu.mqtest.v1' - retrying in 5000 ms. Cause: Error while attempting to add new Connection to the pool; nested exception is javax.jms.JMSException: Could not connect to broker URL: tcp://192.168.1.107/:61616. Reason: java.lang.IllegalArgumentException: port out of range:-1
[ERROR][20170506 10:50:25,221][DefaultMessageListenerContainer:909] Could not refresh JMS Connection for destination 'queue://wusc.edu.mqtest.v1' - retrying in 5000 ms. Cause: Error while attempting to add new Connection to the pool; nested exception is javax.jms.JMSException: Could not connect to broker URL: tcp://192.168.1.107/:61616. Reason: java.lang.IllegalArgumentException: port out of range:-1
[ERROR][20170506 10:50:30,231][DefaultMessageListenerContainer:909] Could not refresh JMS Connection for destination 'queue://wusc.edu.mqtest.v1' - retrying in 5000 ms. Cause: Error while attempting to add new Connection to the pool; nested exception is javax.jms.JMSException: Could not connect to broker URL: tcp://192.168.1.107/:61616. Reason: java.lang.IllegalArgumentException: port out of range:-1
[ERROR][20170506 10:50:35,240][DefaultMessageListenerContainer:909] Could not refresh JMS Connection for destination 'queue://wusc.edu.mqtest.v1' - retrying in 5000 ms. Cause: Error while attempting to add new Connection to the pool; nested exception is javax.jms.JMSException: Could not connect to broker URL: tcp://192.168.1.107/:61616. Reason: java.lang.IllegalArgumentException: port out of range:-1
[ERROR][20170506 10:50:40,251][DefaultMessageListenerContainer:909] Could not refresh JMS Connection for destination 'queue://wusc.edu.mqtest.v1' - retrying in 5000 ms. Cause: Error while attempting to add new Connection to the pool; nested exception is javax.jms.JMSException: Could not connect to broker URL: tcp://192.168.1.107/:61616. Reason: java.lang.IllegalArgumentException: port out of range:-1
[ERROR][20170506 10:50:45,258][DefaultMessageListenerContainer:909] Could not refresh JMS Connection for destination 'queue://wusc.edu.mqtest.v1' - retrying in 5000 ms. Cause: Error while attempting to add new Connection to the pool; nested exception is javax.jms.JMSException: Could not connect to broker URL: tcp://192.168.1.107/:61616. Reason: java.lang.IllegalArgumentException: port out of range:-1
[INFO ][20170506 10:57:41,706][AbstractApplicationContext:510] Refreshing org.springframework.context.support.ClassPathXmlApplicationContext@3d04a311: startup date [Sat May 06 10:57:41 CST 2017]; root of context hierarchy
[INFO ][20170506 10:57:41,763][XmlBeanDefinitionReader:315] Loading XML bean definitions from class path resource [spring/spring-context.xml]
[INFO ][20170506 10:57:41,994][ClassPathScanningCandidateComponentProvider:231] JSR-250 'javax.annotation.ManagedBean' found and supported for component scanning
[INFO ][20170506 10:57:42,054][XmlBeanDefinitionReader:315] Loading XML bean definitions from class path resource [spring/spring-mq.xml]
[INFO ][20170506 10:57:42,083][DefaultListableBeanFactory:665] Overriding bean definition for bean 'consumerSessionAwareMessageListener': replacing [Generic bean: class [wusc.edu.demo.mqtest.listener.ConsumerSessionAwareMessageListener]; scope=singleton; abstract=false; lazyInit=false; autowireMode=1; dependencyCheck=0; autowireCandidate=true; primary=false; factoryBeanName=null; factoryMethodName=null; initMethodName=null; destroyMethodName=null; defined in file [/Users/PC/Desktop/pay/ActiveMQ的使用代码样例（异步邮件发送）/edu-demo-mqconsumer/target/classes/wusc/edu/demo/mqtest/listener/ConsumerSessionAwareMessageListener.class]] with [Generic bean: class [wusc.edu.demo.mqtest.listener.ConsumerSessionAwareMessageListener]; scope=; abstract=false; lazyInit=false; autowireMode=1; dependencyCheck=0; autowireCandidate=true; primary=false; factoryBeanName=null; factoryMethodName=null; initMethodName=null; destroyMethodName=null; defined in class path resource [spring/spring-mq.xml]]
[INFO ][20170506 10:57:42,086][XmlBeanDefinitionReader:315] Loading XML bean definitions from class path resource [spring/spring-mail.xml]
[INFO ][20170506 10:57:42,306][PropertiesLoaderSupport:172] Loading properties file from class path resource [mq.properties]
[INFO ][20170506 10:57:42,308][PropertiesLoaderSupport:172] Loading properties file from class path resource [mail.properties]
[INFO ][20170506 10:57:42,376][DefaultListableBeanFactory:598] Pre-instantiating singletons in org.springframework.beans.factory.support.DefaultListableBeanFactory@7a9273a8: defining beans [org.springframework.context.annotation.internalConfigurationAnnotationProcessor,org.springframework.context.annotation.internalAutowiredAnnotationProcessor,org.springframework.context.annotation.internalRequiredAnnotationProcessor,org.springframework.context.annotation.internalCommonAnnotationProcessor,mailBiz,consumerSessionAwareMessageListener,org.springframework.context.support.PropertySourcesPlaceholderConfigurer#0,org.springframework.aop.config.internalAutoProxyCreator,targetConnectionFactory,pooledConnectionFactory,connectionFactory,activeMqJmsTemplate,sessionAwareQueue,sessionAwareListenerContainer,mailSender,simpleMailMessage,threadPool,org.springframework.context.annotation.ConfigurationClassPostProcessor.importAwareProcessor]; root of factory hierarchy
[INFO ][20170506 10:57:42,487][ExecutorConfigurationSupport:154] Initializing ExecutorService  'threadPool'
[INFO ][20170506 10:57:42,666][DefaultLifecycleProcessor$LifecycleGroup:334] Starting beans in phase 2147483647
[INFO ][20170506 10:57:47,856][DefaultLifecycleProcessor$LifecycleGroup:334] Starting beans in phase 2147483647
[INFO ][20170506 10:57:52,860][DefaultMessageListenerContainer:827] JMS message listener invoker needs to establish shared Connection
[ERROR][20170506 10:57:52,863][DefaultMessageListenerContainer:909] Could not refresh JMS Connection for destination 'queue://wusc.edu.mqtest.v1' - retrying in 5000 ms. Cause: Error while attempting to add new Connection to the pool; nested exception is javax.jms.JMSException: Could not connect to broker URL: tcp://192.168.1.107/:61616. Reason: java.lang.IllegalArgumentException: port out of range:-1
[ERROR][20170506 10:57:57,869][DefaultMessageListenerContainer:909] Could not refresh JMS Connection for destination 'queue://wusc.edu.mqtest.v1' - retrying in 5000 ms. Cause: Error while attempting to add new Connection to the pool; nested exception is javax.jms.JMSException: Could not connect to broker URL: tcp://192.168.1.107/:61616. Reason: java.lang.IllegalArgumentException: port out of range:-1
[ERROR][20170506 10:58:02,876][DefaultMessageListenerContainer:909] Could not refresh JMS Connection for destination 'queue://wusc.edu.mqtest.v1' - retrying in 5000 ms. Cause: Error while attempting to add new Connection to the pool; nested exception is javax.jms.JMSException: Could not connect to broker URL: tcp://192.168.1.107/:61616. Reason: java.lang.IllegalArgumentException: port out of range:-1
[INFO ][20170506 11:02:55,401][AbstractApplicationContext:510] Refreshing org.springframework.context.support.ClassPathXmlApplicationContext@3d04a311: startup date [Sat May 06 11:02:55 CST 2017]; root of context hierarchy
[INFO ][20170506 11:02:55,517][XmlBeanDefinitionReader:315] Loading XML bean definitions from class path resource [spring/spring-context.xml]
[INFO ][20170506 11:02:55,793][ClassPathScanningCandidateComponentProvider:231] JSR-250 'javax.annotation.ManagedBean' found and supported for component scanning
[INFO ][20170506 11:02:55,897][XmlBeanDefinitionReader:315] Loading XML bean definitions from class path resource [spring/spring-mq.xml]
[INFO ][20170506 11:02:55,931][DefaultListableBeanFactory:665] Overriding bean definition for bean 'consumerSessionAwareMessageListener': replacing [Generic bean: class [wusc.edu.demo.mqtest.listener.ConsumerSessionAwareMessageListener]; scope=singleton; abstract=false; lazyInit=false; autowireMode=1; dependencyCheck=0; autowireCandidate=true; primary=false; factoryBeanName=null; factoryMethodName=null; initMethodName=null; destroyMethodName=null; defined in file [/Users/PC/Desktop/pay/ActiveMQ的使用代码样例（异步邮件发送）/edu-demo-mqconsumer/target/classes/wusc/edu/demo/mqtest/listener/ConsumerSessionAwareMessageListener.class]] with [Generic bean: class [wusc.edu.demo.mqtest.listener.ConsumerSessionAwareMessageListener]; scope=; abstract=false; lazyInit=false; autowireMode=1; dependencyCheck=0; autowireCandidate=true; primary=false; factoryBeanName=null; factoryMethodName=null; initMethodName=null; destroyMethodName=null; defined in class path resource [spring/spring-mq.xml]]
[INFO ][20170506 11:02:55,933][XmlBeanDefinitionReader:315] Loading XML bean definitions from class path resource [spring/spring-mail.xml]
[INFO ][20170506 11:02:56,199][PropertiesLoaderSupport:172] Loading properties file from class path resource [mq.properties]
[INFO ][20170506 11:02:56,202][PropertiesLoaderSupport:172] Loading properties file from class path resource [mail.properties]
[INFO ][20170506 11:02:56,292][DefaultListableBeanFactory:598] Pre-instantiating singletons in org.springframework.beans.factory.support.DefaultListableBeanFactory@7a9273a8: defining beans [org.springframework.context.annotation.internalConfigurationAnnotationProcessor,org.springframework.context.annotation.internalAutowiredAnnotationProcessor,org.springframework.context.annotation.internalRequiredAnnotationProcessor,org.springframework.context.annotation.internalCommonAnnotationProcessor,mailBiz,consumerSessionAwareMessageListener,org.springframework.context.support.PropertySourcesPlaceholderConfigurer#0,org.springframework.aop.config.internalAutoProxyCreator,targetConnectionFactory,pooledConnectionFactory,connectionFactory,activeMqJmsTemplate,sessionAwareQueue,sessionAwareListenerContainer,mailSender,simpleMailMessage,threadPool,org.springframework.context.annotation.ConfigurationClassPostProcessor.importAwareProcessor]; root of factory hierarchy
[INFO ][20170506 11:02:56,393][ExecutorConfigurationSupport:154] Initializing ExecutorService  'threadPool'
[INFO ][20170506 11:02:56,616][DefaultLifecycleProcessor$LifecycleGroup:334] Starting beans in phase 2147483647
[INFO ][20170506 11:03:01,864][DefaultLifecycleProcessor$LifecycleGroup:334] Starting beans in phase 2147483647
[INFO ][20170506 11:03:06,871][DefaultMessageListenerContainer:827] JMS message listener invoker needs to establish shared Connection
[ERROR][20170506 11:03:06,874][DefaultMessageListenerContainer:909] Could not refresh JMS Connection for destination 'queue://wusc.edu.mqtest.v1' - retrying in 5000 ms. Cause: Error while attempting to add new Connection to the pool; nested exception is javax.jms.JMSException: Could not connect to broker URL: tcp://192.168.1.107/:61616. Reason: java.lang.IllegalArgumentException: port out of range:-1
[ERROR][20170506 11:03:11,880][DefaultMessageListenerContainer:909] Could not refresh JMS Connection for destination 'queue://wusc.edu.mqtest.v1' - retrying in 5000 ms. Cause: Error while attempting to add new Connection to the pool; nested exception is javax.jms.JMSException: Could not connect to broker URL: tcp://192.168.1.107/:61616. Reason: java.lang.IllegalArgumentException: port out of range:-1
[ERROR][20170506 11:03:16,888][DefaultMessageListenerContainer:909] Could not refresh JMS Connection for destination 'queue://wusc.edu.mqtest.v1' - retrying in 5000 ms. Cause: Error while attempting to add new Connection to the pool; nested exception is javax.jms.JMSException: Could not connect to broker URL: tcp://192.168.1.107/:61616. Reason: java.lang.IllegalArgumentException: port out of range:-1
[INFO ][20170506 11:14:16,993][AbstractApplicationContext:510] Refreshing org.springframework.context.support.ClassPathXmlApplicationContext@3d04a311: startup date [Sat May 06 11:14:16 CST 2017]; root of context hierarchy
[INFO ][20170506 11:14:17,125][XmlBeanDefinitionReader:315] Loading XML bean definitions from class path resource [spring/spring-context.xml]
[INFO ][20170506 11:14:17,362][ClassPathScanningCandidateComponentProvider:231] JSR-250 'javax.annotation.ManagedBean' found and supported for component scanning
[INFO ][20170506 11:14:17,459][XmlBeanDefinitionReader:315] Loading XML bean definitions from class path resource [spring/spring-mq.xml]
[INFO ][20170506 11:14:17,492][DefaultListableBeanFactory:665] Overriding bean definition for bean 'consumerSessionAwareMessageListener': replacing [Generic bean: class [wusc.edu.demo.mqtest.listener.ConsumerSessionAwareMessageListener]; scope=singleton; abstract=false; lazyInit=false; autowireMode=1; dependencyCheck=0; autowireCandidate=true; primary=false; factoryBeanName=null; factoryMethodName=null; initMethodName=null; destroyMethodName=null; defined in file [/Users/PC/Desktop/pay/ActiveMQ的使用代码样例（异步邮件发送）/edu-demo-mqconsumer/target/classes/wusc/edu/demo/mqtest/listener/ConsumerSessionAwareMessageListener.class]] with [Generic bean: class [wusc.edu.demo.mqtest.listener.ConsumerSessionAwareMessageListener]; scope=; abstract=false; lazyInit=false; autowireMode=1; dependencyCheck=0; autowireCandidate=true; primary=false; factoryBeanName=null; factoryMethodName=null; initMethodName=null; destroyMethodName=null; defined in class path resource [spring/spring-mq.xml]]
[INFO ][20170506 11:14:17,494][XmlBeanDefinitionReader:315] Loading XML bean definitions from class path resource [spring/spring-mail.xml]
[INFO ][20170506 11:14:17,726][PropertiesLoaderSupport:172] Loading properties file from class path resource [mq.properties]
[INFO ][20170506 11:14:17,729][PropertiesLoaderSupport:172] Loading properties file from class path resource [mail.properties]
[INFO ][20170506 11:14:17,826][DefaultListableBeanFactory:598] Pre-instantiating singletons in org.springframework.beans.factory.support.DefaultListableBeanFactory@7a9273a8: defining beans [org.springframework.context.annotation.internalConfigurationAnnotationProcessor,org.springframework.context.annotation.internalAutowiredAnnotationProcessor,org.springframework.context.annotation.internalRequiredAnnotationProcessor,org.springframework.context.annotation.internalCommonAnnotationProcessor,mailBiz,consumerSessionAwareMessageListener,org.springframework.context.support.PropertySourcesPlaceholderConfigurer#0,org.springframework.aop.config.internalAutoProxyCreator,targetConnectionFactory,pooledConnectionFactory,connectionFactory,activeMqJmsTemplate,sessionAwareQueue,sessionAwareListenerContainer,mailSender,simpleMailMessage,threadPool,org.springframework.context.annotation.ConfigurationClassPostProcessor.importAwareProcessor]; root of factory hierarchy
[INFO ][20170506 11:14:17,928][ExecutorConfigurationSupport:154] Initializing ExecutorService  'threadPool'
[INFO ][20170506 11:14:18,153][DefaultLifecycleProcessor$LifecycleGroup:334] Starting beans in phase 2147483647
[INFO ][20170506 11:14:23,396][SingleConnectionFactory:291] Established shared JMS Connection: PooledConnection { ConnectionPool[ActiveMQConnection {id=ID:chenyouhongde.local-5543-1494040463260-1:1,clientId=null,started=false}] }
[INFO ][20170506 11:14:23,422][DefaultLifecycleProcessor$LifecycleGroup:334] Starting beans in phase 2147483647
[INFO ][20170506 11:14:23,631][ConsumerSessionAwareMessageListener:48] ==>receive message:{"content":"通过ActiveMQ异步发送邮件！","subject":"ActiveMQ测试","to":"824291336@qq.com"}
[INFO ][20170506 11:14:24,115][ConsumerSessionAwareMessageListener:48] ==>receive message:{"content":"通过ActiveMQ异步发送邮件！","subject":"ActiveMQ测试","to":"690768540@qq.com"}
[INFO ][20170506 11:31:45,320][AbstractApplicationContext:510] Refreshing org.springframework.context.support.ClassPathXmlApplicationContext@3d04a311: startup date [Sat May 06 11:31:45 CST 2017]; root of context hierarchy
[INFO ][20170506 11:31:45,448][XmlBeanDefinitionReader:315] Loading XML bean definitions from class path resource [spring/spring-context.xml]
[INFO ][20170506 11:31:45,693][ClassPathScanningCandidateComponentProvider:231] JSR-250 'javax.annotation.ManagedBean' found and supported for component scanning
[INFO ][20170506 11:31:45,799][XmlBeanDefinitionReader:315] Loading XML bean definitions from class path resource [spring/spring-mq.xml]
[INFO ][20170506 11:31:45,827][DefaultListableBeanFactory:665] Overriding bean definition for bean 'consumerSessionAwareMessageListener': replacing [Generic bean: class [wusc.edu.demo.mqtest.listener.ConsumerSessionAwareMessageListener]; scope=singleton; abstract=false; lazyInit=false; autowireMode=1; dependencyCheck=0; autowireCandidate=true; primary=false; factoryBeanName=null; factoryMethodName=null; initMethodName=null; destroyMethodName=null; defined in file [/Users/PC/Desktop/pay/ActiveMQ的使用代码样例（异步邮件发送）/edu-demo-mqconsumer/target/classes/wusc/edu/demo/mqtest/listener/ConsumerSessionAwareMessageListener.class]] with [Generic bean: class [wusc.edu.demo.mqtest.listener.ConsumerSessionAwareMessageListener]; scope=; abstract=false; lazyInit=false; autowireMode=1; dependencyCheck=0; autowireCandidate=true; primary=false; factoryBeanName=null; factoryMethodName=null; initMethodName=null; destroyMethodName=null; defined in class path resource [spring/spring-mq.xml]]
[INFO ][20170506 11:31:45,829][XmlBeanDefinitionReader:315] Loading XML bean definitions from class path resource [spring/spring-mail.xml]
[INFO ][20170506 11:31:46,061][PropertiesLoaderSupport:172] Loading properties file from class path resource [mq.properties]
[INFO ][20170506 11:31:46,063][PropertiesLoaderSupport:172] Loading properties file from class path resource [mail.properties]
[INFO ][20170506 11:31:46,161][DefaultListableBeanFactory:598] Pre-instantiating singletons in org.springframework.beans.factory.support.DefaultListableBeanFactory@7a9273a8: defining beans [org.springframework.context.annotation.internalConfigurationAnnotationProcessor,org.springframework.context.annotation.internalAutowiredAnnotationProcessor,org.springframework.context.annotation.internalRequiredAnnotationProcessor,org.springframework.context.annotation.internalCommonAnnotationProcessor,mailBiz,consumerSessionAwareMessageListener,org.springframework.context.support.PropertySourcesPlaceholderConfigurer#0,org.springframework.aop.config.internalAutoProxyCreator,targetConnectionFactory,pooledConnectionFactory,connectionFactory,activeMqJmsTemplate,sessionAwareQueue,sessionAwareListenerContainer,mailSender,simpleMailMessage,threadPool,org.springframework.context.annotation.ConfigurationClassPostProcessor.importAwareProcessor]; root of factory hierarchy
[INFO ][20170506 11:31:46,263][ExecutorConfigurationSupport:154] Initializing ExecutorService  'threadPool'
[INFO ][20170506 11:31:46,477][DefaultLifecycleProcessor$LifecycleGroup:334] Starting beans in phase 2147483647
[INFO ][20170506 11:31:51,713][SingleConnectionFactory:291] Established shared JMS Connection: PooledConnection { ConnectionPool[ActiveMQConnection {id=ID:chenyouhongde.local-6654-1494041511582-1:1,clientId=null,started=false}] }
[INFO ][20170506 11:31:51,740][DefaultLifecycleProcessor$LifecycleGroup:334] Starting beans in phase 2147483647
[INFO ][20170506 11:32:18,080][ConsumerSessionAwareMessageListener:48] ==>receive message:{"content":"通过ActiveMQ异步发送邮件！","subject":"ActiveMQ测试","to":"690768540@qq.com"}
[INFO ][20170506 11:38:52,703][AbstractApplicationContext:510] Refreshing org.springframework.context.support.ClassPathXmlApplicationContext@3d04a311: startup date [Sat May 06 11:38:52 CST 2017]; root of context hierarchy
[INFO ][20170506 11:38:52,775][XmlBeanDefinitionReader:315] Loading XML bean definitions from class path resource [spring/spring-context.xml]
[INFO ][20170506 11:38:53,010][ClassPathScanningCandidateComponentProvider:231] JSR-250 'javax.annotation.ManagedBean' found and supported for component scanning
[INFO ][20170506 11:38:53,081][XmlBeanDefinitionReader:315] Loading XML bean definitions from class path resource [spring/spring-mq.xml]
[INFO ][20170506 11:38:53,140][DefaultListableBeanFactory:665] Overriding bean definition for bean 'consumerSessionAwareMessageListener': replacing [Generic bean: class [wusc.edu.demo.mqtest.listener.ConsumerSessionAwareMessageListener]; scope=singleton; abstract=false; lazyInit=false; autowireMode=1; dependencyCheck=0; autowireCandidate=true; primary=false; factoryBeanName=null; factoryMethodName=null; initMethodName=null; destroyMethodName=null; defined in file [/Users/PC/Desktop/pay/ActiveMQ的使用代码样例（异步邮件发送）/edu-demo-mqconsumer/target/classes/wusc/edu/demo/mqtest/listener/ConsumerSessionAwareMessageListener.class]] with [Generic bean: class [wusc.edu.demo.mqtest.listener.ConsumerSessionAwareMessageListener]; scope=; abstract=false; lazyInit=false; autowireMode=1; dependencyCheck=0; autowireCandidate=true; primary=false; factoryBeanName=null; factoryMethodName=null; initMethodName=null; destroyMethodName=null; defined in class path resource [spring/spring-mq.xml]]
[INFO ][20170506 11:38:53,145][XmlBeanDefinitionReader:315] Loading XML bean definitions from class path resource [spring/spring-mail.xml]
[INFO ][20170506 11:38:53,354][PropertiesLoaderSupport:172] Loading properties file from class path resource [mq.properties]
[INFO ][20170506 11:38:53,356][PropertiesLoaderSupport:172] Loading properties file from class path resource [mail.properties]
[INFO ][20170506 11:38:53,425][DefaultListableBeanFactory:598] Pre-instantiating singletons in org.springframework.beans.factory.support.DefaultListableBeanFactory@7a9273a8: defining beans [org.springframework.context.annotation.internalConfigurationAnnotationProcessor,org.springframework.context.annotation.internalAutowiredAnnotationProcessor,org.springframework.context.annotation.internalRequiredAnnotationProcessor,org.springframework.context.annotation.internalCommonAnnotationProcessor,mailBiz,consumerSessionAwareMessageListener,org.springframework.context.support.PropertySourcesPlaceholderConfigurer#0,org.springframework.aop.config.internalAutoProxyCreator,targetConnectionFactory,pooledConnectionFactory,connectionFactory,activeMqJmsTemplate,sessionAwareQueue,sessionAwareListenerContainer,mailSender,simpleMailMessage,threadPool,org.springframework.context.annotation.ConfigurationClassPostProcessor.importAwareProcessor]; root of factory hierarchy
[INFO ][20170506 11:38:53,510][ExecutorConfigurationSupport:154] Initializing ExecutorService  'threadPool'
[INFO ][20170506 11:38:53,669][DefaultLifecycleProcessor$LifecycleGroup:334] Starting beans in phase 2147483647
[INFO ][20170506 11:38:58,867][SingleConnectionFactory:291] Established shared JMS Connection: PooledConnection { ConnectionPool[ActiveMQConnection {id=ID:chenyouhongde.local-7006-1494041938740-1:1,clientId=null,started=false}] }
[INFO ][20170506 11:38:58,898][DefaultLifecycleProcessor$LifecycleGroup:334] Starting beans in phase 2147483647
[INFO ][20170506 11:39:33,945][ConsumerSessionAwareMessageListener:48] ==>receive message:{"content":"通过ActiveMQ异步发送邮件！","subject":"ActiveMQ测试","to":"690768540@qq.com"}
[INFO ][20170506 11:45:26,245][AbstractApplicationContext:510] Refreshing org.springframework.context.support.ClassPathXmlApplicationContext@3d04a311: startup date [Sat May 06 11:45:26 CST 2017]; root of context hierarchy
[INFO ][20170506 11:45:26,306][XmlBeanDefinitionReader:315] Loading XML bean definitions from class path resource [spring/spring-context.xml]
[INFO ][20170506 11:45:26,541][ClassPathScanningCandidateComponentProvider:231] JSR-250 'javax.annotation.ManagedBean' found and supported for component scanning
[INFO ][20170506 11:45:26,607][XmlBeanDefinitionReader:315] Loading XML bean definitions from class path resource [spring/spring-mq.xml]
[INFO ][20170506 11:45:26,648][DefaultListableBeanFactory:665] Overriding bean definition for bean 'consumerSessionAwareMessageListener': replacing [Generic bean: class [wusc.edu.demo.mqtest.listener.ConsumerSessionAwareMessageListener]; scope=singleton; abstract=false; lazyInit=false; autowireMode=1; dependencyCheck=0; autowireCandidate=true; primary=false; factoryBeanName=null; factoryMethodName=null; initMethodName=null; destroyMethodName=null; defined in file [/Users/PC/Desktop/pay/ActiveMQ的使用代码样例（异步邮件发送）/edu-demo-mqconsumer/target/classes/wusc/edu/demo/mqtest/listener/ConsumerSessionAwareMessageListener.class]] with [Generic bean: class [wusc.edu.demo.mqtest.listener.ConsumerSessionAwareMessageListener]; scope=; abstract=false; lazyInit=false; autowireMode=1; dependencyCheck=0; autowireCandidate=true; primary=false; factoryBeanName=null; factoryMethodName=null; initMethodName=null; destroyMethodName=null; defined in class path resource [spring/spring-mq.xml]]
[INFO ][20170506 11:45:26,650][XmlBeanDefinitionReader:315] Loading XML bean definitions from class path resource [spring/spring-mail.xml]
[INFO ][20170506 11:45:26,845][PropertiesLoaderSupport:172] Loading properties file from class path resource [mq.properties]
[INFO ][20170506 11:45:26,848][PropertiesLoaderSupport:172] Loading properties file from class path resource [mail.properties]
[INFO ][20170506 11:45:26,912][DefaultListableBeanFactory:598] Pre-instantiating singletons in org.springframework.beans.factory.support.DefaultListableBeanFactory@7a9273a8: defining beans [org.springframework.context.annotation.internalConfigurationAnnotationProcessor,org.springframework.context.annotation.internalAutowiredAnnotationProcessor,org.springframework.context.annotation.internalRequiredAnnotationProcessor,org.springframework.context.annotation.internalCommonAnnotationProcessor,mailBiz,consumerSessionAwareMessageListener,org.springframework.context.support.PropertySourcesPlaceholderConfigurer#0,org.springframework.aop.config.internalAutoProxyCreator,targetConnectionFactory,pooledConnectionFactory,connectionFactory,activeMqJmsTemplate,sessionAwareQueue,sessionAwareListenerContainer,mailSender,simpleMailMessage,threadPool,org.springframework.context.annotation.ConfigurationClassPostProcessor.importAwareProcessor]; root of factory hierarchy
[INFO ][20170506 11:45:27,038][ExecutorConfigurationSupport:154] Initializing ExecutorService  'threadPool'
[INFO ][20170506 11:45:27,191][DefaultLifecycleProcessor$LifecycleGroup:334] Starting beans in phase 2147483647
[INFO ][20170506 11:45:32,379][SingleConnectionFactory:291] Established shared JMS Connection: PooledConnection { ConnectionPool[ActiveMQConnection {id=ID:chenyouhongde.local-7268-1494042332255-1:1,clientId=null,started=false}] }
[INFO ][20170506 11:45:32,410][DefaultLifecycleProcessor$LifecycleGroup:334] Starting beans in phase 2147483647
[INFO ][20170506 11:45:32,460][ConsumerSessionAwareMessageListener:48] ==>receive message:{"content":"通过ActiveMQ异步发送邮件！","subject":"ActiveMQ测试","to":"690768540@qq.com"}
[INFO ][20170506 11:46:34,054][AbstractApplicationContext:510] Refreshing org.springframework.context.support.ClassPathXmlApplicationContext@3d04a311: startup date [Sat May 06 11:46:34 CST 2017]; root of context hierarchy
[INFO ][20170506 11:46:34,113][XmlBeanDefinitionReader:315] Loading XML bean definitions from class path resource [spring/spring-context.xml]
[INFO ][20170506 11:46:34,341][ClassPathScanningCandidateComponentProvider:231] JSR-250 'javax.annotation.ManagedBean' found and supported for component scanning
[INFO ][20170506 11:46:34,417][XmlBeanDefinitionReader:315] Loading XML bean definitions from class path resource [spring/spring-mq.xml]
[INFO ][20170506 11:46:34,457][DefaultListableBeanFactory:665] Overriding bean definition for bean 'consumerSessionAwareMessageListener': replacing [Generic bean: class [wusc.edu.demo.mqtest.listener.ConsumerSessionAwareMessageListener]; scope=singleton; abstract=false; lazyInit=false; autowireMode=1; dependencyCheck=0; autowireCandidate=true; primary=false; factoryBeanName=null; factoryMethodName=null; initMethodName=null; destroyMethodName=null; defined in file [/Users/PC/Desktop/pay/ActiveMQ的使用代码样例（异步邮件发送）/edu-demo-mqconsumer/target/classes/wusc/edu/demo/mqtest/listener/ConsumerSessionAwareMessageListener.class]] with [Generic bean: class [wusc.edu.demo.mqtest.listener.ConsumerSessionAwareMessageListener]; scope=; abstract=false; lazyInit=false; autowireMode=1; dependencyCheck=0; autowireCandidate=true; primary=false; factoryBeanName=null; factoryMethodName=null; initMethodName=null; destroyMethodName=null; defined in class path resource [spring/spring-mq.xml]]
[INFO ][20170506 11:46:34,460][XmlBeanDefinitionReader:315] Loading XML bean definitions from class path resource [spring/spring-mail.xml]
[INFO ][20170506 11:46:34,670][PropertiesLoaderSupport:172] Loading properties file from class path resource [mq.properties]
[INFO ][20170506 11:46:34,672][PropertiesLoaderSupport:172] Loading properties file from class path resource [mail.properties]
[INFO ][20170506 11:46:34,730][DefaultListableBeanFactory:598] Pre-instantiating singletons in org.springframework.beans.factory.support.DefaultListableBeanFactory@7a9273a8: defining beans [org.springframework.context.annotation.internalConfigurationAnnotationProcessor,org.springframework.context.annotation.internalAutowiredAnnotationProcessor,org.springframework.context.annotation.internalRequiredAnnotationProcessor,org.springframework.context.annotation.internalCommonAnnotationProcessor,mailBiz,consumerSessionAwareMessageListener,org.springframework.context.support.PropertySourcesPlaceholderConfigurer#0,org.springframework.aop.config.internalAutoProxyCreator,targetConnectionFactory,pooledConnectionFactory,connectionFactory,activeMqJmsTemplate,sessionAwareQueue,sessionAwareListenerContainer,mailSender,simpleMailMessage,threadPool,org.springframework.context.annotation.ConfigurationClassPostProcessor.importAwareProcessor]; root of factory hierarchy
[INFO ][20170506 11:46:34,825][ExecutorConfigurationSupport:154] Initializing ExecutorService  'threadPool'
[INFO ][20170506 11:46:34,960][DefaultLifecycleProcessor$LifecycleGroup:334] Starting beans in phase 2147483647
[INFO ][20170506 11:46:40,149][SingleConnectionFactory:291] Established shared JMS Connection: PooledConnection { ConnectionPool[ActiveMQConnection {id=ID:chenyouhongde.local-7333-1494042400030-1:1,clientId=null,started=false}] }
[INFO ][20170506 11:46:40,174][DefaultLifecycleProcessor$LifecycleGroup:334] Starting beans in phase 2147483647
[INFO ][20170506 11:46:40,220][ConsumerSessionAwareMessageListener:48] ==>receive message:{"content":"通过ActiveMQ异步发送邮件！","subject":"ActiveMQ测试","to":"690768540@qq.com"}
[INFO ][20170506 11:50:48,755][AbstractApplicationContext:510] Refreshing org.springframework.context.support.ClassPathXmlApplicationContext@3d04a311: startup date [Sat May 06 11:50:48 CST 2017]; root of context hierarchy
[INFO ][20170506 11:50:48,823][XmlBeanDefinitionReader:315] Loading XML bean definitions from class path resource [spring/spring-context.xml]
[INFO ][20170506 11:50:49,058][ClassPathScanningCandidateComponentProvider:231] JSR-250 'javax.annotation.ManagedBean' found and supported for component scanning
[INFO ][20170506 11:50:49,132][XmlBeanDefinitionReader:315] Loading XML bean definitions from class path resource [spring/spring-mq.xml]
[INFO ][20170506 11:50:49,171][DefaultListableBeanFactory:665] Overriding bean definition for bean 'consumerSessionAwareMessageListener': replacing [Generic bean: class [wusc.edu.demo.mqtest.listener.ConsumerSessionAwareMessageListener]; scope=singleton; abstract=false; lazyInit=false; autowireMode=1; dependencyCheck=0; autowireCandidate=true; primary=false; factoryBeanName=null; factoryMethodName=null; initMethodName=null; destroyMethodName=null; defined in file [/Users/PC/Desktop/pay/ActiveMQ的使用代码样例（异步邮件发送）/edu-demo-mqconsumer/target/classes/wusc/edu/demo/mqtest/listener/ConsumerSessionAwareMessageListener.class]] with [Generic bean: class [wusc.edu.demo.mqtest.listener.ConsumerSessionAwareMessageListener]; scope=; abstract=false; lazyInit=false; autowireMode=1; dependencyCheck=0; autowireCandidate=true; primary=false; factoryBeanName=null; factoryMethodName=null; initMethodName=null; destroyMethodName=null; defined in class path resource [spring/spring-mq.xml]]
[INFO ][20170506 11:50:49,174][XmlBeanDefinitionReader:315] Loading XML bean definitions from class path resource [spring/spring-mail.xml]
[INFO ][20170506 11:50:49,407][PropertiesLoaderSupport:172] Loading properties file from class path resource [mq.properties]
[INFO ][20170506 11:50:49,409][PropertiesLoaderSupport:172] Loading properties file from class path resource [mail.properties]
[INFO ][20170506 11:50:49,473][DefaultListableBeanFactory:598] Pre-instantiating singletons in org.springframework.beans.factory.support.DefaultListableBeanFactory@7a9273a8: defining beans [org.springframework.context.annotation.internalConfigurationAnnotationProcessor,org.springframework.context.annotation.internalAutowiredAnnotationProcessor,org.springframework.context.annotation.internalRequiredAnnotationProcessor,org.springframework.context.annotation.internalCommonAnnotationProcessor,mailBiz,consumerSessionAwareMessageListener,org.springframework.context.support.PropertySourcesPlaceholderConfigurer#0,org.springframework.aop.config.internalAutoProxyCreator,targetConnectionFactory,pooledConnectionFactory,connectionFactory,activeMqJmsTemplate,sessionAwareQueue,sessionAwareListenerContainer,mailSender,simpleMailMessage,threadPool,org.springframework.context.annotation.ConfigurationClassPostProcessor.importAwareProcessor]; root of factory hierarchy
[INFO ][20170506 11:50:49,550][ExecutorConfigurationSupport:154] Initializing ExecutorService  'threadPool'
[INFO ][20170506 11:50:49,712][DefaultLifecycleProcessor$LifecycleGroup:334] Starting beans in phase 2147483647
[INFO ][20170506 11:50:54,913][SingleConnectionFactory:291] Established shared JMS Connection: PooledConnection { ConnectionPool[ActiveMQConnection {id=ID:chenyouhongde.local-7800-1494042654792-1:1,clientId=null,started=false}] }
[INFO ][20170506 11:50:54,937][DefaultLifecycleProcessor$LifecycleGroup:334] Starting beans in phase 2147483647
[INFO ][20170506 11:51:05,055][ConsumerSessionAwareMessageListener:48] ==>receive message:{"content":"通过ActiveMQ异步发送邮件！","subject":"ActiveMQ测试","to":"690768540@qq.com"}
[INFO ][20170506 11:53:57,565][AbstractApplicationContext:510] Refreshing org.springframework.context.support.ClassPathXmlApplicationContext@3d04a311: startup date [Sat May 06 11:53:57 CST 2017]; root of context hierarchy
[INFO ][20170506 11:53:57,698][XmlBeanDefinitionReader:315] Loading XML bean definitions from class path resource [spring/spring-context.xml]
[INFO ][20170506 11:53:58,034][ClassPathScanningCandidateComponentProvider:231] JSR-250 'javax.annotation.ManagedBean' found and supported for component scanning
[INFO ][20170506 11:53:58,154][XmlBeanDefinitionReader:315] Loading XML bean definitions from class path resource [spring/spring-mq.xml]
[INFO ][20170506 11:53:58,197][DefaultListableBeanFactory:665] Overriding bean definition for bean 'consumerSessionAwareMessageListener': replacing [Generic bean: class [wusc.edu.demo.mqtest.listener.ConsumerSessionAwareMessageListener]; scope=singleton; abstract=false; lazyInit=false; autowireMode=1; dependencyCheck=0; autowireCandidate=true; primary=false; factoryBeanName=null; factoryMethodName=null; initMethodName=null; destroyMethodName=null; defined in file [/Users/PC/Desktop/pay/ActiveMQ的使用代码样例（异步邮件发送）/edu-demo-mqconsumer/target/classes/wusc/edu/demo/mqtest/listener/ConsumerSessionAwareMessageListener.class]] with [Generic bean: class [wusc.edu.demo.mqtest.listener.ConsumerSessionAwareMessageListener]; scope=; abstract=false; lazyInit=false; autowireMode=1; dependencyCheck=0; autowireCandidate=true; primary=false; factoryBeanName=null; factoryMethodName=null; initMethodName=null; destroyMethodName=null; defined in class path resource [spring/spring-mq.xml]]
[INFO ][20170506 11:53:58,200][XmlBeanDefinitionReader:315] Loading XML bean definitions from class path resource [spring/spring-mail.xml]
[INFO ][20170506 11:53:58,466][PropertiesLoaderSupport:172] Loading properties file from class path resource [mq.properties]
[INFO ][20170506 11:53:58,467][PropertiesLoaderSupport:172] Loading properties file from class path resource [mail.properties]
[INFO ][20170506 11:53:58,561][DefaultListableBeanFactory:598] Pre-instantiating singletons in org.springframework.beans.factory.support.DefaultListableBeanFactory@7a9273a8: defining beans [org.springframework.context.annotation.internalConfigurationAnnotationProcessor,org.springframework.context.annotation.internalAutowiredAnnotationProcessor,org.springframework.context.annotation.internalRequiredAnnotationProcessor,org.springframework.context.annotation.internalCommonAnnotationProcessor,mailBiz,consumerSessionAwareMessageListener,org.springframework.context.support.PropertySourcesPlaceholderConfigurer#0,org.springframework.aop.config.internalAutoProxyCreator,targetConnectionFactory,pooledConnectionFactory,connectionFactory,activeMqJmsTemplate,sessionAwareQueue,sessionAwareListenerContainer,mailSender,simpleMailMessage,threadPool,org.springframework.context.annotation.ConfigurationClassPostProcessor.importAwareProcessor]; root of factory hierarchy
[INFO ][20170506 11:53:58,668][ExecutorConfigurationSupport:154] Initializing ExecutorService  'threadPool'
[INFO ][20170506 11:53:58,902][DefaultLifecycleProcessor$LifecycleGroup:334] Starting beans in phase 2147483647
[INFO ][20170506 11:54:04,183][SingleConnectionFactory:291] Established shared JMS Connection: PooledConnection { ConnectionPool[ActiveMQConnection {id=ID:chenyouhongde.local-8032-1494042844048-1:1,clientId=null,started=false}] }
[INFO ][20170506 11:54:04,211][DefaultLifecycleProcessor$LifecycleGroup:334] Starting beans in phase 2147483647
[INFO ][20170506 11:54:09,168][ConsumerSessionAwareMessageListener:48] ==>receive message:{"content":"通过ActiveMQ异步发送邮件！","subject":"ActiveMQ测试","to":"690768540@qq.com"}
[INFO ][20170506 12:00:16,073][AbstractApplicationContext:510] Refreshing org.springframework.context.support.ClassPathXmlApplicationContext@3d04a311: startup date [Sat May 06 12:00:16 CST 2017]; root of context hierarchy
[INFO ][20170506 12:00:16,128][XmlBeanDefinitionReader:315] Loading XML bean definitions from class path resource [spring/spring-context.xml]
[INFO ][20170506 12:00:16,378][ClassPathScanningCandidateComponentProvider:231] JSR-250 'javax.annotation.ManagedBean' found and supported for component scanning
[INFO ][20170506 12:00:16,453][XmlBeanDefinitionReader:315] Loading XML bean definitions from class path resource [spring/spring-mq.xml]
[INFO ][20170506 12:00:16,520][DefaultListableBeanFactory:665] Overriding bean definition for bean 'consumerSessionAwareMessageListener': replacing [Generic bean: class [wusc.edu.demo.mqtest.listener.ConsumerSessionAwareMessageListener]; scope=singleton; abstract=false; lazyInit=false; autowireMode=1; dependencyCheck=0; autowireCandidate=true; primary=false; factoryBeanName=null; factoryMethodName=null; initMethodName=null; destroyMethodName=null; defined in file [/Users/PC/Desktop/pay/ActiveMQ的使用代码样例（异步邮件发送）/edu-demo-mqconsumer/target/classes/wusc/edu/demo/mqtest/listener/ConsumerSessionAwareMessageListener.class]] with [Generic bean: class [wusc.edu.demo.mqtest.listener.ConsumerSessionAwareMessageListener]; scope=; abstract=false; lazyInit=false; autowireMode=1; dependencyCheck=0; autowireCandidate=true; primary=false; factoryBeanName=null; factoryMethodName=null; initMethodName=null; destroyMethodName=null; defined in class path resource [spring/spring-mq.xml]]
[INFO ][20170506 12:00:16,524][XmlBeanDefinitionReader:315] Loading XML bean definitions from class path resource [spring/spring-mail.xml]
[INFO ][20170506 12:00:16,763][PropertiesLoaderSupport:172] Loading properties file from class path resource [mq.properties]
[INFO ][20170506 12:00:16,766][PropertiesLoaderSupport:172] Loading properties file from class path resource [mail.properties]
[INFO ][20170506 12:00:16,914][DefaultListableBeanFactory:598] Pre-instantiating singletons in org.springframework.beans.factory.support.DefaultListableBeanFactory@7a9273a8: defining beans [org.springframework.context.annotation.internalConfigurationAnnotationProcessor,org.springframework.context.annotation.internalAutowiredAnnotationProcessor,org.springframework.context.annotation.internalRequiredAnnotationProcessor,org.springframework.context.annotation.internalCommonAnnotationProcessor,mailBiz,consumerSessionAwareMessageListener,org.springframework.context.support.PropertySourcesPlaceholderConfigurer#0,org.springframework.aop.config.internalAutoProxyCreator,targetConnectionFactory,pooledConnectionFactory,connectionFactory,activeMqJmsTemplate,sessionAwareQueue,sessionAwareListenerContainer,mailSender,simpleMailMessage,threadPool,org.springframework.context.annotation.ConfigurationClassPostProcessor.importAwareProcessor]; root of factory hierarchy
[INFO ][20170506 12:00:17,011][ExecutorConfigurationSupport:154] Initializing ExecutorService  'threadPool'
[INFO ][20170506 12:00:17,187][DefaultLifecycleProcessor$LifecycleGroup:334] Starting beans in phase 2147483647
[INFO ][20170506 12:00:22,382][SingleConnectionFactory:291] Established shared JMS Connection: PooledConnection { ConnectionPool[ActiveMQConnection {id=ID:chenyouhongde.local-8525-1494043222259-1:1,clientId=null,started=false}] }
[INFO ][20170506 12:00:22,413][DefaultLifecycleProcessor$LifecycleGroup:334] Starting beans in phase 2147483647
[INFO ][20170506 12:00:27,490][ConsumerSessionAwareMessageListener:48] ==>receive message:{"content":"通过ActiveMQ异步发送邮件！","subject":"ActiveMQ测试","to":"690768540@qq.com"}
[INFO ][20170506 12:09:58,010][AbstractApplicationContext:510] Refreshing org.springframework.context.support.ClassPathXmlApplicationContext@3d04a311: startup date [Sat May 06 12:09:58 CST 2017]; root of context hierarchy
[INFO ][20170506 12:09:58,073][XmlBeanDefinitionReader:315] Loading XML bean definitions from class path resource [spring/spring-context.xml]
[INFO ][20170506 12:09:58,342][ClassPathScanningCandidateComponentProvider:231] JSR-250 'javax.annotation.ManagedBean' found and supported for component scanning
[INFO ][20170506 12:09:58,419][XmlBeanDefinitionReader:315] Loading XML bean definitions from class path resource [spring/spring-mq.xml]
[INFO ][20170506 12:09:58,460][DefaultListableBeanFactory:665] Overriding bean definition for bean 'consumerSessionAwareMessageListener': replacing [Generic bean: class [wusc.edu.demo.mqtest.listener.ConsumerSessionAwareMessageListener]; scope=singleton; abstract=false; lazyInit=false; autowireMode=1; dependencyCheck=0; autowireCandidate=true; primary=false; factoryBeanName=null; factoryMethodName=null; initMethodName=null; destroyMethodName=null; defined in file [/Users/PC/Desktop/pay/ActiveMQ的使用代码样例（异步邮件发送）/edu-demo-mqconsumer/target/classes/wusc/edu/demo/mqtest/listener/ConsumerSessionAwareMessageListener.class]] with [Generic bean: class [wusc.edu.demo.mqtest.listener.ConsumerSessionAwareMessageListener]; scope=; abstract=false; lazyInit=false; autowireMode=1; dependencyCheck=0; autowireCandidate=true; primary=false; factoryBeanName=null; factoryMethodName=null; initMethodName=null; destroyMethodName=null; defined in class path resource [spring/spring-mq.xml]]
[INFO ][20170506 12:09:58,463][XmlBeanDefinitionReader:315] Loading XML bean definitions from class path resource [spring/spring-mail.xml]
[INFO ][20170506 12:09:58,664][PropertiesLoaderSupport:172] Loading properties file from class path resource [mq.properties]
[INFO ][20170506 12:09:58,666][PropertiesLoaderSupport:172] Loading properties file from class path resource [mail.properties]
[INFO ][20170506 12:09:58,744][DefaultListableBeanFactory:598] Pre-instantiating singletons in org.springframework.beans.factory.support.DefaultListableBeanFactory@7a9273a8: defining beans [org.springframework.context.annotation.internalConfigurationAnnotationProcessor,org.springframework.context.annotation.internalAutowiredAnnotationProcessor,org.springframework.context.annotation.internalRequiredAnnotationProcessor,org.springframework.context.annotation.internalCommonAnnotationProcessor,mailBiz,consumerSessionAwareMessageListener,org.springframework.context.support.PropertySourcesPlaceholderConfigurer#0,org.springframework.aop.config.internalAutoProxyCreator,targetConnectionFactory,pooledConnectionFactory,connectionFactory,activeMqJmsTemplate,sessionAwareQueue,sessionAwareListenerContainer,mailSender,simpleMailMessage,threadPool,org.springframework.context.annotation.ConfigurationClassPostProcessor.importAwareProcessor]; root of factory hierarchy
[INFO ][20170506 12:09:58,833][ExecutorConfigurationSupport:154] Initializing ExecutorService  'threadPool'
[INFO ][20170506 12:09:59,025][DefaultLifecycleProcessor$LifecycleGroup:334] Starting beans in phase 2147483647
[INFO ][20170506 12:10:04,215][SingleConnectionFactory:291] Established shared JMS Connection: PooledConnection { ConnectionPool[ActiveMQConnection {id=ID:chenyouhongde.local-10043-1494043804091-1:1,clientId=null,started=false}] }
[INFO ][20170506 12:10:04,394][DefaultLifecycleProcessor$LifecycleGroup:334] Starting beans in phase 2147483647
[INFO ][20170506 12:10:11,818][ConsumerSessionAwareMessageListener:48] ==>receive message:{"content":"通过ActiveMQ异步发送邮件！","subject":"ActiveMQ测试","to":"690768540@qq.com"}
[INFO ][20170506 12:12:28,013][ConsumerSessionAwareMessageListener:48] ==>receive message:{"content":"通过ActiveMQ异步发送邮件！","subject":"ActiveMQ测试","to":"690768540@qq.com"}
[INFO ][20170506 12:41:34,049][AbstractApplicationContext:510] Refreshing org.springframework.context.support.ClassPathXmlApplicationContext@3d04a311: startup date [Sat May 06 12:41:34 CST 2017]; root of context hierarchy
[INFO ][20170506 12:41:34,117][XmlBeanDefinitionReader:315] Loading XML bean definitions from class path resource [spring/spring-context.xml]
[INFO ][20170506 12:41:34,371][ClassPathScanningCandidateComponentProvider:231] JSR-250 'javax.annotation.ManagedBean' found and supported for component scanning
[INFO ][20170506 12:41:34,457][XmlBeanDefinitionReader:315] Loading XML bean definitions from class path resource [spring/spring-mq.xml]
[INFO ][20170506 12:41:34,502][DefaultListableBeanFactory:665] Overriding bean definition for bean 'consumerSessionAwareMessageListener': replacing [Generic bean: class [wusc.edu.demo.mqtest.listener.ConsumerSessionAwareMessageListener]; scope=singleton; abstract=false; lazyInit=false; autowireMode=1; dependencyCheck=0; autowireCandidate=true; primary=false; factoryBeanName=null; factoryMethodName=null; initMethodName=null; destroyMethodName=null; defined in file [/Users/PC/Desktop/pay/ActiveMQ的使用代码样例（异步邮件发送）/edu-demo-mqconsumer/target/classes/wusc/edu/demo/mqtest/listener/ConsumerSessionAwareMessageListener.class]] with [Generic bean: class [wusc.edu.demo.mqtest.listener.ConsumerSessionAwareMessageListener]; scope=; abstract=false; lazyInit=false; autowireMode=1; dependencyCheck=0; autowireCandidate=true; primary=false; factoryBeanName=null; factoryMethodName=null; initMethodName=null; destroyMethodName=null; defined in class path resource [spring/spring-mq.xml]]
[INFO ][20170506 12:41:34,505][XmlBeanDefinitionReader:315] Loading XML bean definitions from class path resource [spring/spring-mail.xml]
[INFO ][20170506 12:41:34,727][PropertiesLoaderSupport:172] Loading properties file from class path resource [mq.properties]
[INFO ][20170506 12:41:34,729][PropertiesLoaderSupport:172] Loading properties file from class path resource [mail.properties]
[INFO ][20170506 12:41:34,810][DefaultListableBeanFactory:598] Pre-instantiating singletons in org.springframework.beans.factory.support.DefaultListableBeanFactory@7a9273a8: defining beans [org.springframework.context.annotation.internalConfigurationAnnotationProcessor,org.springframework.context.annotation.internalAutowiredAnnotationProcessor,org.springframework.context.annotation.internalRequiredAnnotationProcessor,org.springframework.context.annotation.internalCommonAnnotationProcessor,mailBiz,consumerSessionAwareMessageListener,org.springframework.context.support.PropertySourcesPlaceholderConfigurer#0,org.springframework.aop.config.internalAutoProxyCreator,targetConnectionFactory,pooledConnectionFactory,connectionFactory,activeMqJmsTemplate,sessionAwareQueue,sessionAwareListenerContainer,mailSender,simpleMailMessage,threadPool,org.springframework.context.annotation.ConfigurationClassPostProcessor.importAwareProcessor]; root of factory hierarchy
[INFO ][20170506 12:41:34,913][ExecutorConfigurationSupport:154] Initializing ExecutorService  'threadPool'
[INFO ][20170506 12:41:35,251][DefaultLifecycleProcessor$LifecycleGroup:334] Starting beans in phase 2147483647
[INFO ][20170506 12:41:40,441][SingleConnectionFactory:291] Established shared JMS Connection: PooledConnection { ConnectionPool[ActiveMQConnection {id=ID:chenyouhongde.local-10663-1494045700320-1:1,clientId=null,started=false}] }
[INFO ][20170506 12:41:40,477][DefaultLifecycleProcessor$LifecycleGroup:334] Starting beans in phase 2147483647
[INFO ][20170506 12:41:40,554][ConsumerSessionAwareMessageListener:48] ==>receive message:{"content":"通过ActiveMQ异步发送邮件！","subject":"ActiveMQ测试","to":"690768540@qq.com"}
[INFO ][20170506 12:53:23,374][AbstractApplicationContext:510] Refreshing org.springframework.context.support.ClassPathXmlApplicationContext@3d04a311: startup date [Sat May 06 12:53:23 CST 2017]; root of context hierarchy
[INFO ][20170506 12:53:23,466][XmlBeanDefinitionReader:315] Loading XML bean definitions from class path resource [spring/spring-context.xml]
[INFO ][20170506 12:53:23,768][ClassPathScanningCandidateComponentProvider:231] JSR-250 'javax.annotation.ManagedBean' found and supported for component scanning
[INFO ][20170506 12:53:23,915][XmlBeanDefinitionReader:315] Loading XML bean definitions from class path resource [spring/spring-mq.xml]
[INFO ][20170506 12:53:23,965][DefaultListableBeanFactory:665] Overriding bean definition for bean 'consumerSessionAwareMessageListener': replacing [Generic bean: class [wusc.edu.demo.mqtest.listener.ConsumerSessionAwareMessageListener]; scope=singleton; abstract=false; lazyInit=false; autowireMode=1; dependencyCheck=0; autowireCandidate=true; primary=false; factoryBeanName=null; factoryMethodName=null; initMethodName=null; destroyMethodName=null; defined in file [/Users/PC/Desktop/pay/ActiveMQ的使用代码样例（异步邮件发送）/edu-demo-mqconsumer/target/classes/wusc/edu/demo/mqtest/listener/ConsumerSessionAwareMessageListener.class]] with [Generic bean: class [wusc.edu.demo.mqtest.listener.ConsumerSessionAwareMessageListener]; scope=; abstract=false; lazyInit=false; autowireMode=1; dependencyCheck=0; autowireCandidate=true; primary=false; factoryBeanName=null; factoryMethodName=null; initMethodName=null; destroyMethodName=null; defined in class path resource [spring/spring-mq.xml]]
[INFO ][20170506 12:53:23,973][XmlBeanDefinitionReader:315] Loading XML bean definitions from class path resource [spring/spring-mail.xml]
[INFO ][20170506 12:53:24,314][PropertiesLoaderSupport:172] Loading properties file from class path resource [mq.properties]
[INFO ][20170506 12:53:24,318][PropertiesLoaderSupport:172] Loading properties file from class path resource [mail.properties]
[INFO ][20170506 12:53:24,396][DefaultListableBeanFactory:598] Pre-instantiating singletons in org.springframework.beans.factory.support.DefaultListableBeanFactory@7a9273a8: defining beans [org.springframework.context.annotation.internalConfigurationAnnotationProcessor,org.springframework.context.annotation.internalAutowiredAnnotationProcessor,org.springframework.context.annotation.internalRequiredAnnotationProcessor,org.springframework.context.annotation.internalCommonAnnotationProcessor,mailBiz,consumerSessionAwareMessageListener,org.springframework.context.support.PropertySourcesPlaceholderConfigurer#0,org.springframework.aop.config.internalAutoProxyCreator,targetConnectionFactory,pooledConnectionFactory,connectionFactory,activeMqJmsTemplate,sessionAwareQueue,sessionAwareListenerContainer,mailSender,simpleMailMessage,threadPool,org.springframework.context.annotation.ConfigurationClassPostProcessor.importAwareProcessor]; root of factory hierarchy
[INFO ][20170506 12:53:24,476][ExecutorConfigurationSupport:154] Initializing ExecutorService  'threadPool'
[INFO ][20170506 12:53:24,671][DefaultLifecycleProcessor$LifecycleGroup:334] Starting beans in phase 2147483647
[INFO ][20170506 12:53:29,876][SingleConnectionFactory:291] Established shared JMS Connection: PooledConnection { ConnectionPool[ActiveMQConnection {id=ID:chenyouhongde.local-11180-1494046409758-1:1,clientId=null,started=false}] }
[INFO ][20170506 12:53:29,921][DefaultLifecycleProcessor$LifecycleGroup:334] Starting beans in phase 2147483647
[INFO ][20170506 12:53:34,786][ConsumerSessionAwareMessageListener:48] ==>receive message:{"content":"通过ActiveMQ异步发送邮件！","subject":"ActiveMQ测试","to":"690768540@qq.com"}
[INFO ][20170506 12:54:25,271][AbstractApplicationContext:510] Refreshing org.springframework.context.support.ClassPathXmlApplicationContext@3d04a311: startup date [Sat May 06 12:54:25 CST 2017]; root of context hierarchy
[INFO ][20170506 12:54:25,347][XmlBeanDefinitionReader:315] Loading XML bean definitions from class path resource [spring/spring-context.xml]
[INFO ][20170506 12:54:25,643][ClassPathScanningCandidateComponentProvider:231] JSR-250 'javax.annotation.ManagedBean' found and supported for component scanning
[INFO ][20170506 12:54:25,731][XmlBeanDefinitionReader:315] Loading XML bean definitions from class path resource [spring/spring-mq.xml]
[INFO ][20170506 12:54:25,792][DefaultListableBeanFactory:665] Overriding bean definition for bean 'consumerSessionAwareMessageListener': replacing [Generic bean: class [wusc.edu.demo.mqtest.listener.ConsumerSessionAwareMessageListener]; scope=singleton; abstract=false; lazyInit=false; autowireMode=1; dependencyCheck=0; autowireCandidate=true; primary=false; factoryBeanName=null; factoryMethodName=null; initMethodName=null; destroyMethodName=null; defined in file [/Users/PC/Desktop/pay/ActiveMQ的使用代码样例（异步邮件发送）/edu-demo-mqconsumer/target/classes/wusc/edu/demo/mqtest/listener/ConsumerSessionAwareMessageListener.class]] with [Generic bean: class [wusc.edu.demo.mqtest.listener.ConsumerSessionAwareMessageListener]; scope=; abstract=false; lazyInit=false; autowireMode=1; dependencyCheck=0; autowireCandidate=true; primary=false; factoryBeanName=null; factoryMethodName=null; initMethodName=null; destroyMethodName=null; defined in class path resource [spring/spring-mq.xml]]
[INFO ][20170506 12:54:25,798][XmlBeanDefinitionReader:315] Loading XML bean definitions from class path resource [spring/spring-mail.xml]
[INFO ][20170506 12:54:26,000][PropertiesLoaderSupport:172] Loading properties file from class path resource [mq.properties]
[INFO ][20170506 12:54:26,001][PropertiesLoaderSupport:172] Loading properties file from class path resource [mail.properties]
[INFO ][20170506 12:54:26,118][DefaultListableBeanFactory:598] Pre-instantiating singletons in org.springframework.beans.factory.support.DefaultListableBeanFactory@7a9273a8: defining beans [org.springframework.context.annotation.internalConfigurationAnnotationProcessor,org.springframework.context.annotation.internalAutowiredAnnotationProcessor,org.springframework.context.annotation.internalRequiredAnnotationProcessor,org.springframework.context.annotation.internalCommonAnnotationProcessor,mailBiz,consumerSessionAwareMessageListener,org.springframework.context.support.PropertySourcesPlaceholderConfigurer#0,org.springframework.aop.config.internalAutoProxyCreator,targetConnectionFactory,pooledConnectionFactory,connectionFactory,activeMqJmsTemplate,sessionAwareQueue,sessionAwareListenerContainer,mailSender,simpleMailMessage,threadPool,org.springframework.context.annotation.ConfigurationClassPostProcessor.importAwareProcessor]; root of factory hierarchy
[INFO ][20170506 12:54:26,314][ExecutorConfigurationSupport:154] Initializing ExecutorService  'threadPool'
[INFO ][20170506 12:54:26,536][DefaultLifecycleProcessor$LifecycleGroup:334] Starting beans in phase 2147483647
[INFO ][20170506 12:54:31,751][SingleConnectionFactory:291] Established shared JMS Connection: PooledConnection { ConnectionPool[ActiveMQConnection {id=ID:chenyouhongde.local-11243-1494046471628-1:1,clientId=null,started=false}] }
[INFO ][20170506 12:54:31,786][DefaultLifecycleProcessor$LifecycleGroup:334] Starting beans in phase 2147483647
[INFO ][20170506 12:54:31,835][ConsumerSessionAwareMessageListener:48] ==>receive message:{"content":"通过ActiveMQ异步发送邮件！","subject":"ActiveMQ测试","to":"690768540@qq.com"}
[INFO ][20170506 12:55:28,917][ConsumerSessionAwareMessageListener:48] ==>receive message:{"content":"通过ActiveMQ异步发送邮件！","subject":"ActiveMQ测试","to":"690768540@qq.com"}
